\BOOKMARK [0][-]{chapter.1}{\376\377\0001\000\040\000F\000r\000a\000c\000t\000a\000l\000F\000l\000o\000w}{}% 1
\BOOKMARK [0][-]{chapter.2}{\376\377\0002\000\040\000N\000a\000m\000e\000s\000p\000a\000c\000e\000\040\000I\000n\000d\000e\000x}{}% 2
\BOOKMARK [1][-]{section.2.1}{\376\377\0002\000.\0001\000\040\000N\000a\000m\000e\000s\000p\000a\000c\000e\000\040\000L\000i\000s\000t}{chapter.2}% 3
\BOOKMARK [0][-]{chapter.3}{\376\377\0003\000\040\000H\000i\000e\000r\000a\000r\000c\000h\000i\000c\000a\000l\000\040\000I\000n\000d\000e\000x}{}% 4
\BOOKMARK [1][-]{section.3.1}{\376\377\0003\000.\0001\000\040\000C\000l\000a\000s\000s\000\040\000H\000i\000e\000r\000a\000r\000c\000h\000y}{chapter.3}% 5
\BOOKMARK [0][-]{chapter.4}{\376\377\0004\000\040\000C\000l\000a\000s\000s\000\040\000I\000n\000d\000e\000x}{}% 6
\BOOKMARK [1][-]{section.4.1}{\376\377\0004\000.\0001\000\040\000C\000l\000a\000s\000s\000\040\000L\000i\000s\000t}{chapter.4}% 7
\BOOKMARK [0][-]{chapter.5}{\376\377\0005\000\040\000N\000a\000m\000e\000s\000p\000a\000c\000e\000\040\000D\000o\000c\000u\000m\000e\000n\000t\000a\000t\000i\000o\000n}{}% 8
\BOOKMARK [1][-]{section.5.1}{\376\377\0005\000.\0001\000\040\000F\000o\000r\000m\000u\000l\000a\000P\000a\000r\000s\000e\000r\000\040\000N\000a\000m\000e\000s\000p\000a\000c\000e\000\040\000R\000e\000f\000e\000r\000e\000n\000c\000e}{chapter.5}% 9
\BOOKMARK [1][-]{section.5.2}{\376\377\0005\000.\0002\000\040\000F\000r\000a\000c\000t\000a\000l\000C\000o\000r\000e\000\040\000N\000a\000m\000e\000s\000p\000a\000c\000e\000\040\000R\000e\000f\000e\000r\000e\000n\000c\000e}{chapter.5}% 10
\BOOKMARK [1][-]{section.5.3}{\376\377\0005\000.\0003\000\040\000F\000r\000a\000c\000t\000a\000l\000C\000o\000r\000e\000.\000P\000a\000i\000n\000t\000i\000n\000g\000\040\000N\000a\000m\000e\000s\000p\000a\000c\000e\000\040\000R\000e\000f\000e\000r\000e\000n\000c\000e}{chapter.5}% 11
\BOOKMARK [1][-]{section.5.4}{\376\377\0005\000.\0004\000\040\000F\000r\000a\000c\000t\000a\000l\000G\000e\000n\000e\000r\000a\000t\000o\000r\000M\000V\000V\000M\000\040\000N\000a\000m\000e\000s\000p\000a\000c\000e\000\040\000R\000e\000f\000e\000r\000e\000n\000c\000e}{chapter.5}% 12
\BOOKMARK [1][-]{section.5.5}{\376\377\0005\000.\0005\000\040\000F\000r\000a\000c\000t\000a\000l\000G\000e\000n\000e\000r\000a\000t\000o\000r\000M\000V\000V\000M\000.\000C\000o\000n\000t\000r\000o\000l\000s\000\040\000N\000a\000m\000e\000s\000p\000a\000c\000e\000\040\000R\000e\000f\000e\000r\000e\000n\000c\000e}{chapter.5}% 13
\BOOKMARK [1][-]{section.5.6}{\376\377\0005\000.\0006\000\040\000F\000r\000a\000c\000t\000a\000l\000G\000e\000n\000e\000r\000a\000t\000o\000r\000M\000V\000V\000M\000.\000V\000i\000e\000w\000M\000o\000d\000e\000l\000s\000\040\000N\000a\000m\000e\000s\000p\000a\000c\000e\000\040\000R\000e\000f\000e\000r\000e\000n\000c\000e}{chapter.5}% 14
\BOOKMARK [1][-]{section.5.7}{\376\377\0005\000.\0007\000\040\000F\000r\000a\000c\000t\000a\000l\000G\000e\000n\000e\000r\000a\000t\000o\000r\000M\000V\000V\000M\000.\000V\000i\000e\000w\000M\000o\000d\000e\000l\000s\000.\000C\000o\000n\000t\000r\000o\000l\000s\000\040\000N\000a\000m\000e\000s\000p\000a\000c\000e\000\040\000R\000e\000f\000e\000r\000e\000n\000c\000e}{chapter.5}% 15
\BOOKMARK [1][-]{section.5.8}{\376\377\0005\000.\0008\000\040\000F\000r\000a\000c\000t\000a\000l\000G\000e\000n\000e\000r\000a\000t\000o\000r\000M\000V\000V\000M\000.\000V\000i\000e\000w\000M\000o\000d\000e\000l\000s\000.\000M\000o\000d\000e\000l\000s\000\040\000N\000a\000m\000e\000s\000p\000a\000c\000e\000\040\000R\000e\000f\000e\000r\000e\000n\000c\000e}{chapter.5}% 16
\BOOKMARK [1][-]{section.5.9}{\376\377\0005\000.\0009\000\040\000F\000r\000a\000c\000t\000a\000l\000G\000e\000n\000e\000r\000a\000t\000o\000r\000M\000V\000V\000M\000.\000V\000i\000e\000w\000M\000o\000d\000e\000l\000s\000.\000M\000o\000d\000e\000l\000s\000.\000P\000a\000i\000n\000t\000e\000r\000s\000\040\000N\000a\000m\000e\000s\000p\000a\000c\000e\000\040\000R\000e\000f\000e\000r\000e\000n\000c\000e}{chapter.5}% 17
\BOOKMARK [1][-]{section.5.10}{\376\377\0005\000.\0001\0000\000\040\000F\000r\000a\000c\000t\000a\000l\000G\000e\000n\000e\000r\000a\000t\000o\000r\000M\000V\000V\000M\000.\000V\000i\000e\000w\000M\000o\000d\000e\000l\000s\000.\000P\000a\000g\000e\000s\000\040\000N\000a\000m\000e\000s\000p\000a\000c\000e\000\040\000R\000e\000f\000e\000r\000e\000n\000c\000e}{chapter.5}% 18
\BOOKMARK [1][-]{section.5.11}{\376\377\0005\000.\0001\0001\000\040\000F\000r\000a\000c\000t\000a\000l\000G\000e\000n\000e\000r\000a\000t\000o\000r\000M\000V\000V\000M\000.\000V\000i\000e\000w\000M\000o\000d\000e\000l\000s\000.\000W\000i\000n\000d\000o\000w\000s\000\040\000N\000a\000m\000e\000s\000p\000a\000c\000e\000\040\000R\000e\000f\000e\000r\000e\000n\000c\000e}{chapter.5}% 19
\BOOKMARK [1][-]{section.5.12}{\376\377\0005\000.\0001\0002\000\040\000F\000r\000a\000c\000t\000a\000l\000G\000e\000n\000e\000r\000a\000t\000o\000r\000M\000V\000V\000M\000.\000V\000i\000e\000w\000M\000o\000d\000e\000l\000s\000.\000W\000i\000n\000P\000a\000g\000e\000s\000\040\000N\000a\000m\000e\000s\000p\000a\000c\000e\000\040\000R\000e\000f\000e\000r\000e\000n\000c\000e}{chapter.5}% 20
\BOOKMARK [1][-]{section.5.13}{\376\377\0005\000.\0001\0003\000\040\000F\000r\000a\000c\000t\000a\000l\000G\000e\000n\000e\000r\000a\000t\000o\000r\000M\000V\000V\000M\000.\000V\000i\000e\000w\000s\000\040\000N\000a\000m\000e\000s\000p\000a\000c\000e\000\040\000R\000e\000f\000e\000r\000e\000n\000c\000e}{chapter.5}% 21
\BOOKMARK [1][-]{section.5.14}{\376\377\0005\000.\0001\0004\000\040\000F\000r\000a\000c\000t\000a\000l\000G\000e\000n\000e\000r\000a\000t\000o\000r\000M\000V\000V\000M\000.\000V\000i\000e\000w\000s\000.\000C\000o\000n\000t\000r\000o\000l\000s\000\040\000N\000a\000m\000e\000s\000p\000a\000c\000e\000\040\000R\000e\000f\000e\000r\000e\000n\000c\000e}{chapter.5}% 22
\BOOKMARK [1][-]{section.5.15}{\376\377\0005\000.\0001\0005\000\040\000F\000r\000a\000c\000t\000a\000l\000G\000e\000n\000e\000r\000a\000t\000o\000r\000M\000V\000V\000M\000.\000V\000i\000e\000w\000s\000.\000C\000o\000n\000t\000r\000o\000l\000V\000i\000e\000w\000s\000\040\000N\000a\000m\000e\000s\000p\000a\000c\000e\000\040\000R\000e\000f\000e\000r\000e\000n\000c\000e}{chapter.5}% 23
\BOOKMARK [1][-]{section.5.16}{\376\377\0005\000.\0001\0006\000\040\000F\000r\000a\000c\000t\000a\000l\000G\000e\000n\000e\000r\000a\000t\000o\000r\000M\000V\000V\000M\000.\000V\000i\000e\000w\000s\000.\000M\000o\000d\000e\000l\000s\000\040\000N\000a\000m\000e\000s\000p\000a\000c\000e\000\040\000R\000e\000f\000e\000r\000e\000n\000c\000e}{chapter.5}% 24
\BOOKMARK [1][-]{section.5.17}{\376\377\0005\000.\0001\0007\000\040\000F\000r\000a\000c\000t\000a\000l\000G\000e\000n\000e\000r\000a\000t\000o\000r\000M\000V\000V\000M\000.\000V\000i\000e\000w\000s\000.\000M\000o\000d\000e\000l\000s\000.\000P\000a\000i\000n\000t\000e\000r\000s\000\040\000N\000a\000m\000e\000s\000p\000a\000c\000e\000\040\000R\000e\000f\000e\000r\000e\000n\000c\000e}{chapter.5}% 25
\BOOKMARK [1][-]{section.5.18}{\376\377\0005\000.\0001\0008\000\040\000F\000r\000a\000c\000t\000a\000l\000G\000e\000n\000e\000r\000a\000t\000o\000r\000M\000V\000V\000M\000.\000V\000i\000e\000w\000s\000.\000M\000o\000d\000e\000l\000V\000i\000e\000w\000s\000\040\000N\000a\000m\000e\000s\000p\000a\000c\000e\000\040\000R\000e\000f\000e\000r\000e\000n\000c\000e}{chapter.5}% 26
\BOOKMARK [1][-]{section.5.19}{\376\377\0005\000.\0001\0009\000\040\000F\000r\000a\000c\000t\000a\000l\000G\000e\000n\000e\000r\000a\000t\000o\000r\000M\000V\000V\000M\000.\000V\000i\000e\000w\000s\000.\000P\000a\000g\000e\000s\000\040\000N\000a\000m\000e\000s\000p\000a\000c\000e\000\040\000R\000e\000f\000e\000r\000e\000n\000c\000e}{chapter.5}% 27
\BOOKMARK [1][-]{section.5.20}{\376\377\0005\000.\0002\0000\000\040\000F\000r\000a\000c\000t\000a\000l\000G\000e\000n\000e\000r\000a\000t\000o\000r\000M\000V\000V\000M\000.\000V\000i\000e\000w\000s\000.\000W\000i\000n\000d\000o\000w\000s\000\040\000N\000a\000m\000e\000s\000p\000a\000c\000e\000\040\000R\000e\000f\000e\000r\000e\000n\000c\000e}{chapter.5}% 28
\BOOKMARK [1][-]{section.5.21}{\376\377\0005\000.\0002\0001\000\040\000F\000r\000a\000c\000t\000a\000l\000G\000e\000n\000e\000r\000a\000t\000o\000r\000M\000V\000V\000M\000.\000V\000i\000e\000w\000s\000.\000W\000i\000n\000P\000a\000g\000e\000s\000\040\000N\000a\000m\000e\000s\000p\000a\000c\000e\000\040\000R\000e\000f\000e\000r\000e\000n\000c\000e}{chapter.5}% 29
\BOOKMARK [1][-]{section.5.22}{\376\377\0005\000.\0002\0002\000\040\000T\000e\000s\000t\000i\000n\000g\000Z\000o\000n\000e\000\040\000N\000a\000m\000e\000s\000p\000a\000c\000e\000\040\000R\000e\000f\000e\000r\000e\000n\000c\000e}{chapter.5}% 30
\BOOKMARK [1][-]{section.5.23}{\376\377\0005\000.\0002\0003\000\040\000X\000a\000m\000l\000G\000e\000n\000e\000r\000a\000t\000e\000d\000N\000a\000m\000e\000s\000p\000a\000c\000e\000\040\000N\000a\000m\000e\000s\000p\000a\000c\000e\000\040\000R\000e\000f\000e\000r\000e\000n\000c\000e}{chapter.5}% 31
\BOOKMARK [0][-]{chapter.6}{\376\377\0006\000\040\000C\000l\000a\000s\000s\000\040\000D\000o\000c\000u\000m\000e\000n\000t\000a\000t\000i\000o\000n}{}% 32
\BOOKMARK [1][-]{section.6.1}{\376\377\0006\000.\0001\000\040\000F\000r\000a\000c\000t\000a\000l\000G\000e\000n\000e\000r\000a\000t\000o\000r\000M\000V\000V\000M\000.\000V\000i\000e\000w\000s\000.\000A\000d\000d\000F\000r\000a\000c\000t\000a\000l\000F\000r\000a\000m\000e\000W\000i\000n\000d\000o\000w\000V\000i\000e\000w\000\040\000C\000l\000a\000s\000s\000\040\000R\000e\000f\000e\000r\000e\000n\000c\000e}{chapter.6}% 33
\BOOKMARK [2][-]{subsection.6.1.1}{\376\377\0006\000.\0001\000.\0001\000\040\000D\000e\000t\000a\000i\000l\000e\000d\000\040\000D\000e\000s\000c\000r\000i\000p\000t\000i\000o\000n}{section.6.1}% 34
\BOOKMARK [1][-]{section.6.2}{\376\377\0006\000.\0002\000\040\000F\000r\000a\000c\000t\000a\000l\000G\000e\000n\000e\000r\000a\000t\000o\000r\000M\000V\000V\000M\000.\000V\000i\000e\000w\000s\000.\000W\000i\000n\000d\000o\000w\000s\000.\000A\000d\000d\000F\000r\000a\000c\000t\000a\000l\000F\000r\000a\000m\000e\000W\000i\000n\000d\000o\000w\000V\000i\000e\000w\000\040\000C\000l\000a\000s\000s\000\040\000R\000e\000f\000e\000r\000e\000n\000c\000e}{chapter.6}% 35
\BOOKMARK [2][-]{subsection.6.2.1}{\376\377\0006\000.\0002\000.\0001\000\040\000D\000e\000t\000a\000i\000l\000e\000d\000\040\000D\000e\000s\000c\000r\000i\000p\000t\000i\000o\000n}{section.6.2}% 36
\BOOKMARK [1][-]{section.6.3}{\376\377\0006\000.\0003\000\040\000F\000r\000a\000c\000t\000a\000l\000G\000e\000n\000e\000r\000a\000t\000o\000r\000M\000V\000V\000M\000.\000V\000i\000e\000w\000s\000.\000W\000i\000n\000P\000a\000g\000e\000s\000.\000A\000d\000d\000F\000r\000a\000c\000t\000a\000l\000F\000r\000a\000m\000e\000W\000i\000n\000d\000o\000w\000V\000i\000e\000w\000\040\000C\000l\000a\000s\000s\000\040\000R\000e\000f\000e\000r\000e\000n\000c\000e}{chapter.6}% 37
\BOOKMARK [2][-]{subsection.6.3.1}{\376\377\0006\000.\0003\000.\0001\000\040\000D\000e\000t\000a\000i\000l\000e\000d\000\040\000D\000e\000s\000c\000r\000i\000p\000t\000i\000o\000n}{section.6.3}% 38
\BOOKMARK [1][-]{section.6.4}{\376\377\0006\000.\0004\000\040\000F\000r\000a\000c\000t\000a\000l\000G\000e\000n\000e\000r\000a\000t\000o\000r\000M\000V\000V\000M\000.\000V\000i\000e\000w\000M\000o\000d\000e\000l\000s\000.\000W\000i\000n\000P\000a\000g\000e\000s\000.\000A\000d\000d\000F\000r\000a\000c\000t\000a\000l\000F\000r\000a\000m\000e\000W\000i\000n\000d\000o\000w\000V\000i\000e\000w\000M\000o\000d\000e\000l\000\040\000C\000l\000a\000s\000s\000\040\000R\000e\000f\000e\000r\000e\000n\000c\000e}{chapter.6}% 39
\BOOKMARK [1][-]{section.6.5}{\376\377\0006\000.\0005\000\040\000F\000r\000a\000c\000t\000a\000l\000G\000e\000n\000e\000r\000a\000t\000o\000r\000M\000V\000V\000M\000.\000V\000i\000e\000w\000s\000.\000A\000d\000d\000P\000a\000i\000n\000t\000e\000r\000W\000i\000n\000d\000o\000w\000\040\000C\000l\000a\000s\000s\000\040\000R\000e\000f\000e\000r\000e\000n\000c\000e}{chapter.6}% 40
\BOOKMARK [2][-]{subsection.6.5.1}{\376\377\0006\000.\0005\000.\0001\000\040\000D\000e\000t\000a\000i\000l\000e\000d\000\040\000D\000e\000s\000c\000r\000i\000p\000t\000i\000o\000n}{section.6.5}% 41
\BOOKMARK [1][-]{section.6.6}{\376\377\0006\000.\0006\000\040\000F\000r\000a\000c\000t\000a\000l\000G\000e\000n\000e\000r\000a\000t\000o\000r\000M\000V\000V\000M\000.\000V\000i\000e\000w\000s\000.\000A\000d\000d\000P\000a\000i\000n\000t\000e\000r\000W\000i\000n\000d\000o\000w\000V\000i\000e\000w\000\040\000C\000l\000a\000s\000s\000\040\000R\000e\000f\000e\000r\000e\000n\000c\000e}{chapter.6}% 42
\BOOKMARK [2][-]{subsection.6.6.1}{\376\377\0006\000.\0006\000.\0001\000\040\000D\000e\000t\000a\000i\000l\000e\000d\000\040\000D\000e\000s\000c\000r\000i\000p\000t\000i\000o\000n}{section.6.6}% 43
\BOOKMARK [1][-]{section.6.7}{\376\377\0006\000.\0007\000\040\000F\000r\000a\000c\000t\000a\000l\000G\000e\000n\000e\000r\000a\000t\000o\000r\000M\000V\000V\000M\000.\000V\000i\000e\000w\000s\000.\000W\000i\000n\000d\000o\000w\000s\000.\000A\000d\000d\000P\000a\000i\000n\000t\000e\000r\000W\000i\000n\000d\000o\000w\000V\000i\000e\000w\000\040\000C\000l\000a\000s\000s\000\040\000R\000e\000f\000e\000r\000e\000n\000c\000e}{chapter.6}% 44
\BOOKMARK [2][-]{subsection.6.7.1}{\376\377\0006\000.\0007\000.\0001\000\040\000D\000e\000t\000a\000i\000l\000e\000d\000\040\000D\000e\000s\000c\000r\000i\000p\000t\000i\000o\000n}{section.6.7}% 45
\BOOKMARK [1][-]{section.6.8}{\376\377\0006\000.\0008\000\040\000F\000r\000a\000c\000t\000a\000l\000G\000e\000n\000e\000r\000a\000t\000o\000r\000M\000V\000V\000M\000.\000V\000i\000e\000w\000s\000.\000W\000i\000n\000P\000a\000g\000e\000s\000.\000A\000d\000d\000P\000a\000i\000n\000t\000e\000r\000W\000i\000n\000d\000o\000w\000V\000i\000e\000w\000\040\000C\000l\000a\000s\000s\000\040\000R\000e\000f\000e\000r\000e\000n\000c\000e}{chapter.6}% 46
\BOOKMARK [2][-]{subsection.6.8.1}{\376\377\0006\000.\0008\000.\0001\000\040\000D\000e\000t\000a\000i\000l\000e\000d\000\040\000D\000e\000s\000c\000r\000i\000p\000t\000i\000o\000n}{section.6.8}% 47
\BOOKMARK [1][-]{section.6.9}{\376\377\0006\000.\0009\000\040\000F\000r\000a\000c\000t\000a\000l\000G\000e\000n\000e\000r\000a\000t\000o\000r\000M\000V\000V\000M\000.\000V\000i\000e\000w\000M\000o\000d\000e\000l\000s\000.\000W\000i\000n\000P\000a\000g\000e\000s\000.\000A\000d\000d\000P\000a\000i\000n\000t\000e\000r\000W\000i\000n\000d\000o\000w\000V\000i\000e\000w\000M\000o\000d\000e\000l\000\040\000C\000l\000a\000s\000s\000\040\000R\000e\000f\000e\000r\000e\000n\000c\000e}{chapter.6}% 48
\BOOKMARK [1][-]{section.6.10}{\376\377\0006\000.\0001\0000\000\040\000F\000r\000a\000c\000t\000a\000l\000G\000e\000n\000e\000r\000a\000t\000o\000r\000M\000V\000V\000M\000.\000A\000p\000p\000\040\000C\000l\000a\000s\000s\000\040\000R\000e\000f\000e\000r\000e\000n\000c\000e}{chapter.6}% 49
\BOOKMARK [2][-]{subsection.6.10.1}{\376\377\0006\000.\0001\0000\000.\0001\000\040\000D\000e\000t\000a\000i\000l\000e\000d\000\040\000D\000e\000s\000c\000r\000i\000p\000t\000i\000o\000n}{section.6.10}% 50
\BOOKMARK [1][-]{section.6.11}{\376\377\0006\000.\0001\0001\000\040\000F\000r\000a\000c\000t\000a\000l\000C\000o\000r\000e\000.\000B\000a\000s\000e\000S\000c\000a\000f\000f\000o\000l\000d\000\040\000C\000l\000a\000s\000s\000\040\000R\000e\000f\000e\000r\000e\000n\000c\000e}{chapter.6}% 51
\BOOKMARK [2][-]{subsection.6.11.1}{\376\377\0006\000.\0001\0001\000.\0001\000\040\000D\000e\000t\000a\000i\000l\000e\000d\000\040\000D\000e\000s\000c\000r\000i\000p\000t\000i\000o\000n}{section.6.11}% 52
\BOOKMARK [1][-]{section.6.12}{\376\377\0006\000.\0001\0002\000\040\000F\000r\000a\000c\000t\000a\000l\000C\000o\000r\000e\000.\000B\000a\000s\000i\000c\000I\000t\000e\000r\000a\000t\000o\000r\000\040\000C\000l\000a\000s\000s\000\040\000R\000e\000f\000e\000r\000e\000n\000c\000e}{chapter.6}% 53
\BOOKMARK [2][-]{subsection.6.12.1}{\376\377\0006\000.\0001\0002\000.\0001\000\040\000D\000e\000t\000a\000i\000l\000e\000d\000\040\000D\000e\000s\000c\000r\000i\000p\000t\000i\000o\000n}{section.6.12}% 54
\BOOKMARK [2][-]{subsection.6.12.2}{\376\377\0006\000.\0001\0002\000.\0002\000\040\000M\000e\000m\000b\000e\000r\000\040\000F\000u\000n\000c\000t\000i\000o\000n\000\040\000D\000o\000c\000u\000m\000e\000n\000t\000a\000t\000i\000o\000n}{section.6.12}% 55
\BOOKMARK [3][-]{subsubsection.6.12.2.1}{\376\377\0006\000.\0001\0002\000.\0002\000.\0001\000\040\000I\000t\000e\000r\000a\000t\000e\000\050\000\051}{subsection.6.12.2}% 56
\BOOKMARK [2][-]{subsection.6.12.3}{\376\377\0006\000.\0001\0002\000.\0003\000\040\000P\000r\000o\000p\000e\000r\000t\000y\000\040\000D\000o\000c\000u\000m\000e\000n\000t\000a\000t\000i\000o\000n}{section.6.12}% 57
\BOOKMARK [3][-]{subsubsection.6.12.3.1}{\376\377\0006\000.\0001\0002\000.\0003\000.\0001\000\040\000F\000o\000r\000m\000u\000l\000a\000O\000b\000j\000e\000c\000t}{subsection.6.12.3}% 58
\BOOKMARK [3][-]{subsubsection.6.12.3.2}{\376\377\0006\000.\0001\0002\000.\0003\000.\0002\000\040\000F\000o\000r\000m\000u\000l\000a\000S\000t\000r\000i\000n\000g}{subsection.6.12.3}% 59
\BOOKMARK [3][-]{subsubsection.6.12.3.3}{\376\377\0006\000.\0001\0002\000.\0003\000.\0003\000\040\000F\000u\000l\000l\000I\000t\000e\000r\000a\000t\000i\000o\000n\000S\000c\000r\000i\000p\000t}{subsection.6.12.3}% 60
\BOOKMARK [3][-]{subsubsection.6.12.3.4}{\376\377\0006\000.\0001\0002\000.\0003\000.\0004\000\040\000N\000a\000m\000e}{subsection.6.12.3}% 61
\BOOKMARK [1][-]{section.6.13}{\376\377\0006\000.\0001\0003\000\040\000F\000r\000a\000c\000t\000a\000l\000C\000o\000r\000e\000.\000P\000a\000i\000n\000t\000i\000n\000g\000.\000B\000a\000s\000i\000c\000P\000a\000i\000n\000t\000e\000r\000B\000a\000s\000e\000\040\000C\000l\000a\000s\000s\000\040\000R\000e\000f\000e\000r\000e\000n\000c\000e}{chapter.6}% 62
\BOOKMARK [2][-]{subsection.6.13.1}{\376\377\0006\000.\0001\0003\000.\0001\000\040\000M\000e\000m\000b\000e\000r\000\040\000F\000u\000n\000c\000t\000i\000o\000n\000\040\000D\000o\000c\000u\000m\000e\000n\000t\000a\000t\000i\000o\000n}{section.6.13}% 63
\BOOKMARK [3][-]{subsubsection.6.13.1.1}{\376\377\0006\000.\0001\0003\000.\0001\000.\0001\000\040\000P\000a\000i\000n\000t\000\050\000\051}{subsection.6.13.1}% 64
\BOOKMARK [3][-]{subsubsection.6.13.1.2}{\376\377\0006\000.\0001\0003\000.\0001\000.\0002\000\040\000S\000e\000t\000K\000e\000r\000n\000e\000l\000P\000a\000r\000a\000m\000e\000t\000e\000r\000s\000\050\000\051}{subsection.6.13.1}% 65
\BOOKMARK [2][-]{subsection.6.13.2}{\376\377\0006\000.\0001\0003\000.\0002\000\040\000P\000r\000o\000p\000e\000r\000t\000y\000\040\000D\000o\000c\000u\000m\000e\000n\000t\000a\000t\000i\000o\000n}{section.6.13}% 66
\BOOKMARK [3][-]{subsubsection.6.13.2.1}{\376\377\0006\000.\0001\0003\000.\0002\000.\0001\000\040\000P\000a\000i\000n\000t\000C\000L\000S\000c\000r\000i\000p\000t}{subsection.6.13.2}% 67
\BOOKMARK [1][-]{section.6.14}{\376\377\0006\000.\0001\0004\000\040\000F\000r\000a\000c\000t\000a\000l\000G\000e\000n\000e\000r\000a\000t\000o\000r\000M\000V\000V\000M\000.\000V\000i\000e\000w\000M\000o\000d\000e\000l\000s\000.\000M\000o\000d\000e\000l\000s\000.\000P\000a\000i\000n\000t\000e\000r\000s\000.\000B\000a\000s\000i\000c\000P\000a\000i\000n\000t\000e\000r\000B\000a\000s\000e\000V\000i\000e\000w\000M\000o\000d\000e\000l\000A\000b\000s\000t\000r\000a\000c\000t\000\040\000C\000l\000a\000s\000s\000\040\000R\000e\000f\000e\000r\000e\000n\000c\000e}{chapter.6}% 68
\BOOKMARK [2][-]{subsection.6.14.1}{\376\377\0006\000.\0001\0004\000.\0001\000\040\000D\000e\000t\000a\000i\000l\000e\000d\000\040\000D\000e\000s\000c\000r\000i\000p\000t\000i\000o\000n}{section.6.14}% 69
\BOOKMARK [2][-]{subsection.6.14.2}{\376\377\0006\000.\0001\0004\000.\0002\000\040\000P\000r\000o\000p\000e\000r\000t\000y\000\040\000D\000o\000c\000u\000m\000e\000n\000t\000a\000t\000i\000o\000n}{section.6.14}% 70
\BOOKMARK [3][-]{subsubsection.6.14.2.1}{\376\377\0006\000.\0001\0004\000.\0002\000.\0001\000\040\000I\000D}{subsection.6.14.2}% 71
\BOOKMARK [3][-]{subsubsection.6.14.2.2}{\376\377\0006\000.\0001\0004\000.\0002\000.\0002\000\040\000N\000a\000m\000e}{subsection.6.14.2}% 72
\BOOKMARK [3][-]{subsubsection.6.14.2.3}{\376\377\0006\000.\0001\0004\000.\0002\000.\0003\000\040\000P\000a\000i\000n\000t\000e\000r\000M\000o\000d\000e\000l}{subsection.6.14.2}% 73
\BOOKMARK [1][-]{section.6.15}{\376\377\0006\000.\0001\0005\000\040\000F\000r\000a\000c\000t\000a\000l\000C\000o\000r\000e\000.\000P\000a\000i\000n\000t\000i\000n\000g\000.\000B\000a\000s\000i\000c\000P\000a\000i\000n\000t\000e\000r\000D\000a\000r\000k\000\040\000C\000l\000a\000s\000s\000\040\000R\000e\000f\000e\000r\000e\000n\000c\000e}{chapter.6}% 74
\BOOKMARK [2][-]{subsection.6.15.1}{\376\377\0006\000.\0001\0005\000.\0001\000\040\000M\000e\000m\000b\000e\000r\000\040\000F\000u\000n\000c\000t\000i\000o\000n\000\040\000D\000o\000c\000u\000m\000e\000n\000t\000a\000t\000i\000o\000n}{section.6.15}% 75
\BOOKMARK [3][-]{subsubsection.6.15.1.1}{\376\377\0006\000.\0001\0005\000.\0001\000.\0001\000\040\000P\000a\000i\000n\000t\000\050\000\051}{subsection.6.15.1}% 76
\BOOKMARK [3][-]{subsubsection.6.15.1.2}{\376\377\0006\000.\0001\0005\000.\0001\000.\0002\000\040\000S\000e\000t\000K\000e\000r\000n\000e\000l\000P\000a\000r\000a\000m\000e\000t\000e\000r\000s\000\050\000\051}{subsection.6.15.1}% 77
\BOOKMARK [2][-]{subsection.6.15.2}{\376\377\0006\000.\0001\0005\000.\0002\000\040\000P\000r\000o\000p\000e\000r\000t\000y\000\040\000D\000o\000c\000u\000m\000e\000n\000t\000a\000t\000i\000o\000n}{section.6.15}% 78
\BOOKMARK [3][-]{subsubsection.6.15.2.1}{\376\377\0006\000.\0001\0005\000.\0002\000.\0001\000\040\000P\000a\000i\000n\000t\000C\000L\000S\000c\000r\000i\000p\000t}{subsection.6.15.2}% 79
\BOOKMARK [1][-]{section.6.16}{\376\377\0006\000.\0001\0006\000\040\000F\000r\000a\000c\000t\000a\000l\000G\000e\000n\000e\000r\000a\000t\000o\000r\000M\000V\000V\000M\000.\000V\000i\000e\000w\000s\000.\000M\000o\000d\000e\000l\000s\000.\000P\000a\000i\000n\000t\000e\000r\000s\000.\000B\000a\000s\000i\000c\000P\000a\000i\000n\000t\000e\000r\000D\000a\000r\000k\000V\000i\000e\000w\000\040\000C\000l\000a\000s\000s\000\040\000R\000e\000f\000e\000r\000e\000n\000c\000e}{chapter.6}% 80
\BOOKMARK [2][-]{subsection.6.16.1}{\376\377\0006\000.\0001\0006\000.\0001\000\040\000D\000e\000t\000a\000i\000l\000e\000d\000\040\000D\000e\000s\000c\000r\000i\000p\000t\000i\000o\000n}{section.6.16}% 81
\BOOKMARK [1][-]{section.6.17}{\376\377\0006\000.\0001\0007\000\040\000F\000r\000a\000c\000t\000a\000l\000G\000e\000n\000e\000r\000a\000t\000o\000r\000M\000V\000V\000M\000.\000V\000i\000e\000w\000M\000o\000d\000e\000l\000s\000.\000M\000o\000d\000e\000l\000s\000.\000P\000a\000i\000n\000t\000e\000r\000s\000.\000B\000a\000s\000i\000c\000P\000a\000i\000n\000t\000e\000r\000D\000a\000r\000k\000V\000i\000e\000w\000M\000o\000d\000e\000l\000\040\000C\000l\000a\000s\000s\000\040\000R\000e\000f\000e\000r\000e\000n\000c\000e}{chapter.6}% 82
\BOOKMARK [1][-]{section.6.18}{\376\377\0006\000.\0001\0008\000\040\000F\000r\000a\000c\000t\000a\000l\000G\000e\000n\000e\000r\000a\000t\000o\000r\000M\000V\000V\000M\000.\000V\000i\000e\000w\000s\000.\000M\000o\000d\000e\000l\000s\000.\000P\000a\000i\000n\000t\000e\000r\000s\000.\000B\000a\000s\000i\000c\000P\000a\000i\000n\000t\000e\000r\000D\000E\000S\000I\000G\000N\000\040\000C\000l\000a\000s\000s\000\040\000R\000e\000f\000e\000r\000e\000n\000c\000e}{chapter.6}% 83
\BOOKMARK [1][-]{section.6.19}{\376\377\0006\000.\0001\0009\000\040\000F\000r\000a\000c\000t\000a\000l\000C\000o\000r\000e\000.\000P\000a\000i\000n\000t\000i\000n\000g\000.\000B\000a\000s\000i\000c\000P\000a\000i\000n\000t\000e\000r\000L\000i\000g\000h\000t\000\040\000C\000l\000a\000s\000s\000\040\000R\000e\000f\000e\000r\000e\000n\000c\000e}{chapter.6}% 84
\BOOKMARK [2][-]{subsection.6.19.1}{\376\377\0006\000.\0001\0009\000.\0001\000\040\000M\000e\000m\000b\000e\000r\000\040\000F\000u\000n\000c\000t\000i\000o\000n\000\040\000D\000o\000c\000u\000m\000e\000n\000t\000a\000t\000i\000o\000n}{section.6.19}% 85
\BOOKMARK [3][-]{subsubsection.6.19.1.1}{\376\377\0006\000.\0001\0009\000.\0001\000.\0001\000\040\000P\000a\000i\000n\000t\000\050\000\051}{subsection.6.19.1}% 86
\BOOKMARK [3][-]{subsubsection.6.19.1.2}{\376\377\0006\000.\0001\0009\000.\0001\000.\0002\000\040\000S\000e\000t\000K\000e\000r\000n\000e\000l\000P\000a\000r\000a\000m\000e\000t\000e\000r\000s\000\050\000\051}{subsection.6.19.1}% 87
\BOOKMARK [2][-]{subsection.6.19.2}{\376\377\0006\000.\0001\0009\000.\0002\000\040\000P\000r\000o\000p\000e\000r\000t\000y\000\040\000D\000o\000c\000u\000m\000e\000n\000t\000a\000t\000i\000o\000n}{section.6.19}% 88
\BOOKMARK [3][-]{subsubsection.6.19.2.1}{\376\377\0006\000.\0001\0009\000.\0002\000.\0001\000\040\000P\000a\000i\000n\000t\000C\000L\000S\000c\000r\000i\000p\000t}{subsection.6.19.2}% 89
\BOOKMARK [1][-]{section.6.20}{\376\377\0006\000.\0002\0000\000\040\000F\000r\000a\000c\000t\000a\000l\000G\000e\000n\000e\000r\000a\000t\000o\000r\000M\000V\000V\000M\000.\000V\000i\000e\000w\000s\000.\000M\000o\000d\000e\000l\000s\000.\000P\000a\000i\000n\000t\000e\000r\000s\000.\000B\000a\000s\000i\000c\000P\000a\000i\000n\000t\000e\000r\000L\000i\000g\000h\000t\000V\000i\000e\000w\000\040\000C\000l\000a\000s\000s\000\040\000R\000e\000f\000e\000r\000e\000n\000c\000e}{chapter.6}% 90
\BOOKMARK [2][-]{subsection.6.20.1}{\376\377\0006\000.\0002\0000\000.\0001\000\040\000D\000e\000t\000a\000i\000l\000e\000d\000\040\000D\000e\000s\000c\000r\000i\000p\000t\000i\000o\000n}{section.6.20}% 91
\BOOKMARK [1][-]{section.6.21}{\376\377\0006\000.\0002\0001\000\040\000F\000r\000a\000c\000t\000a\000l\000G\000e\000n\000e\000r\000a\000t\000o\000r\000M\000V\000V\000M\000.\000V\000i\000e\000w\000M\000o\000d\000e\000l\000s\000.\000M\000o\000d\000e\000l\000s\000.\000P\000a\000i\000n\000t\000e\000r\000s\000.\000B\000a\000s\000i\000c\000P\000a\000i\000n\000t\000e\000r\000L\000i\000g\000h\000t\000V\000i\000e\000w\000M\000o\000d\000e\000l\000\040\000C\000l\000a\000s\000s\000\040\000R\000e\000f\000e\000r\000e\000n\000c\000e}{chapter.6}% 92
\BOOKMARK [1][-]{section.6.22}{\376\377\0006\000.\0002\0002\000\040\000F\000r\000a\000c\000t\000a\000l\000G\000e\000n\000e\000r\000a\000t\000o\000r\000M\000V\000V\000M\000.\000V\000i\000e\000w\000s\000.\000M\000o\000d\000e\000l\000s\000.\000B\000a\000s\000i\000c\000P\000a\000i\000n\000t\000e\000r\000V\000i\000e\000w\000\040\000C\000l\000a\000s\000s\000\040\000R\000e\000f\000e\000r\000e\000n\000c\000e}{chapter.6}% 93
\BOOKMARK [2][-]{subsection.6.22.1}{\376\377\0006\000.\0002\0002\000.\0001\000\040\000D\000e\000t\000a\000i\000l\000e\000d\000\040\000D\000e\000s\000c\000r\000i\000p\000t\000i\000o\000n}{section.6.22}% 94
\BOOKMARK [1][-]{section.6.23}{\376\377\0006\000.\0002\0003\000\040\000F\000r\000a\000c\000t\000a\000l\000G\000e\000n\000e\000r\000a\000t\000o\000r\000M\000V\000V\000M\000.\000V\000i\000e\000w\000s\000.\000M\000o\000d\000e\000l\000s\000.\000P\000a\000i\000n\000t\000e\000r\000s\000.\000B\000a\000s\000i\000c\000P\000a\000i\000n\000t\000e\000r\000V\000i\000e\000w\000\040\000C\000l\000a\000s\000s\000\040\000R\000e\000f\000e\000r\000e\000n\000c\000e}{chapter.6}% 95
\BOOKMARK [2][-]{subsection.6.23.1}{\376\377\0006\000.\0002\0003\000.\0001\000\040\000D\000e\000t\000a\000i\000l\000e\000d\000\040\000D\000e\000s\000c\000r\000i\000p\000t\000i\000o\000n}{section.6.23}% 96
\BOOKMARK [1][-]{section.6.24}{\376\377\0006\000.\0002\0004\000\040\000F\000r\000a\000c\000t\000a\000l\000G\000e\000n\000e\000r\000a\000t\000o\000r\000M\000V\000V\000M\000.\000V\000i\000e\000w\000s\000.\000M\000o\000d\000e\000l\000V\000i\000e\000w\000s\000.\000B\000a\000s\000i\000c\000P\000a\000i\000n\000t\000e\000r\000V\000i\000e\000w\000\040\000C\000l\000a\000s\000s\000\040\000R\000e\000f\000e\000r\000e\000n\000c\000e}{chapter.6}% 97
\BOOKMARK [2][-]{subsection.6.24.1}{\376\377\0006\000.\0002\0004\000.\0001\000\040\000D\000e\000t\000a\000i\000l\000e\000d\000\040\000D\000e\000s\000c\000r\000i\000p\000t\000i\000o\000n}{section.6.24}% 98
\BOOKMARK [1][-]{section.6.25}{\376\377\0006\000.\0002\0005\000\040\000F\000r\000a\000c\000t\000a\000l\000G\000e\000n\000e\000r\000a\000t\000o\000r\000M\000V\000V\000M\000.\000B\000o\000o\000t\000s\000t\000r\000a\000p\000p\000e\000r\000\040\000C\000l\000a\000s\000s\000\040\000R\000e\000f\000e\000r\000e\000n\000c\000e}{chapter.6}% 99
\BOOKMARK [1][-]{section.6.26}{\376\377\0006\000.\0002\0006\000\040\000F\000r\000a\000c\000t\000a\000l\000G\000e\000n\000e\000r\000a\000t\000o\000r\000M\000V\000V\000M\000.\000V\000i\000e\000w\000s\000.\000C\000o\000n\000t\000r\000o\000l\000s\000.\000C\000a\000n\000v\000a\000s\000V\000i\000e\000w\000\040\000C\000l\000a\000s\000s\000\040\000R\000e\000f\000e\000r\000e\000n\000c\000e}{chapter.6}% 100
\BOOKMARK [2][-]{subsection.6.26.1}{\376\377\0006\000.\0002\0006\000.\0001\000\040\000D\000e\000t\000a\000i\000l\000e\000d\000\040\000D\000e\000s\000c\000r\000i\000p\000t\000i\000o\000n}{section.6.26}% 101
\BOOKMARK [1][-]{section.6.27}{\376\377\0006\000.\0002\0007\000\040\000F\000r\000a\000c\000t\000a\000l\000G\000e\000n\000e\000r\000a\000t\000o\000r\000M\000V\000V\000M\000.\000V\000i\000e\000w\000M\000o\000d\000e\000l\000s\000.\000C\000o\000n\000t\000r\000o\000l\000s\000.\000C\000a\000n\000v\000a\000s\000V\000i\000e\000w\000M\000o\000d\000e\000l\000\040\000C\000l\000a\000s\000s\000\040\000R\000e\000f\000e\000r\000e\000n\000c\000e}{chapter.6}% 102
\BOOKMARK [1][-]{section.6.28}{\376\377\0006\000.\0002\0008\000\040\000F\000r\000a\000c\000t\000a\000l\000G\000e\000n\000e\000r\000a\000t\000o\000r\000M\000V\000V\000M\000.\000V\000i\000e\000w\000s\000.\000C\000o\000n\000s\000o\000l\000e\000P\000a\000g\000e\000V\000i\000e\000w\000\040\000C\000l\000a\000s\000s\000\040\000R\000e\000f\000e\000r\000e\000n\000c\000e}{chapter.6}% 103
\BOOKMARK [2][-]{subsection.6.28.1}{\376\377\0006\000.\0002\0008\000.\0001\000\040\000D\000e\000t\000a\000i\000l\000e\000d\000\040\000D\000e\000s\000c\000r\000i\000p\000t\000i\000o\000n}{section.6.28}% 104
\BOOKMARK [1][-]{section.6.29}{\376\377\0006\000.\0002\0009\000\040\000F\000r\000a\000c\000t\000a\000l\000G\000e\000n\000e\000r\000a\000t\000o\000r\000M\000V\000V\000M\000.\000V\000i\000e\000w\000s\000.\000P\000a\000g\000e\000s\000.\000C\000o\000n\000s\000o\000l\000e\000P\000a\000g\000e\000V\000i\000e\000w\000\040\000C\000l\000a\000s\000s\000\040\000R\000e\000f\000e\000r\000e\000n\000c\000e}{chapter.6}% 105
\BOOKMARK [2][-]{subsection.6.29.1}{\376\377\0006\000.\0002\0009\000.\0001\000\040\000D\000e\000t\000a\000i\000l\000e\000d\000\040\000D\000e\000s\000c\000r\000i\000p\000t\000i\000o\000n}{section.6.29}% 106
\BOOKMARK [1][-]{section.6.30}{\376\377\0006\000.\0003\0000\000\040\000F\000r\000a\000c\000t\000a\000l\000G\000e\000n\000e\000r\000a\000t\000o\000r\000M\000V\000V\000M\000.\000V\000i\000e\000w\000M\000o\000d\000e\000l\000s\000.\000P\000a\000g\000e\000s\000.\000C\000o\000n\000s\000o\000l\000e\000P\000a\000g\000e\000V\000i\000e\000w\000M\000o\000d\000e\000l\000\040\000C\000l\000a\000s\000s\000\040\000R\000e\000f\000e\000r\000e\000n\000c\000e}{chapter.6}% 107
\BOOKMARK [1][-]{section.6.31}{\376\377\0006\000.\0003\0001\000\040\000F\000r\000a\000c\000t\000a\000l\000G\000e\000n\000e\000r\000a\000t\000o\000r\000M\000V\000V\000M\000.\000V\000i\000e\000w\000s\000.\000C\000o\000n\000s\000o\000l\000e\000W\000i\000n\000d\000o\000w\000\040\000C\000l\000a\000s\000s\000\040\000R\000e\000f\000e\000r\000e\000n\000c\000e}{chapter.6}% 108
\BOOKMARK [2][-]{subsection.6.31.1}{\376\377\0006\000.\0003\0001\000.\0001\000\040\000D\000e\000t\000a\000i\000l\000e\000d\000\040\000D\000e\000s\000c\000r\000i\000p\000t\000i\000o\000n}{section.6.31}% 109
\BOOKMARK [1][-]{section.6.32}{\376\377\0006\000.\0003\0002\000\040\000F\000r\000a\000c\000t\000a\000l\000G\000e\000n\000e\000r\000a\000t\000o\000r\000M\000V\000V\000M\000.\000V\000i\000e\000w\000s\000.\000C\000o\000n\000s\000o\000l\000e\000W\000i\000n\000d\000o\000w\000V\000i\000e\000w\000\040\000C\000l\000a\000s\000s\000\040\000R\000e\000f\000e\000r\000e\000n\000c\000e}{chapter.6}% 110
\BOOKMARK [2][-]{subsection.6.32.1}{\376\377\0006\000.\0003\0002\000.\0001\000\040\000D\000e\000t\000a\000i\000l\000e\000d\000\040\000D\000e\000s\000c\000r\000i\000p\000t\000i\000o\000n}{section.6.32}% 111
\BOOKMARK [1][-]{section.6.33}{\376\377\0006\000.\0003\0003\000\040\000F\000r\000a\000c\000t\000a\000l\000G\000e\000n\000e\000r\000a\000t\000o\000r\000M\000V\000V\000M\000.\000V\000i\000e\000w\000s\000.\000D\000e\000f\000a\000u\000l\000t\000P\000a\000g\000e\000V\000i\000e\000w\000\040\000C\000l\000a\000s\000s\000\040\000R\000e\000f\000e\000r\000e\000n\000c\000e}{chapter.6}% 112
\BOOKMARK [2][-]{subsection.6.33.1}{\376\377\0006\000.\0003\0003\000.\0001\000\040\000D\000e\000t\000a\000i\000l\000e\000d\000\040\000D\000e\000s\000c\000r\000i\000p\000t\000i\000o\000n}{section.6.33}% 113
\BOOKMARK [1][-]{section.6.34}{\376\377\0006\000.\0003\0004\000\040\000F\000r\000a\000c\000t\000a\000l\000G\000e\000n\000e\000r\000a\000t\000o\000r\000M\000V\000V\000M\000.\000V\000i\000e\000w\000s\000.\000P\000a\000g\000e\000s\000.\000D\000e\000f\000a\000u\000l\000t\000P\000a\000g\000e\000V\000i\000e\000w\000\040\000C\000l\000a\000s\000s\000\040\000R\000e\000f\000e\000r\000e\000n\000c\000e}{chapter.6}% 114
\BOOKMARK [2][-]{subsection.6.34.1}{\376\377\0006\000.\0003\0004\000.\0001\000\040\000D\000e\000t\000a\000i\000l\000e\000d\000\040\000D\000e\000s\000c\000r\000i\000p\000t\000i\000o\000n}{section.6.34}% 115
\BOOKMARK [1][-]{section.6.35}{\376\377\0006\000.\0003\0005\000\040\000F\000r\000a\000c\000t\000a\000l\000G\000e\000n\000e\000r\000a\000t\000o\000r\000M\000V\000V\000M\000.\000V\000i\000e\000w\000M\000o\000d\000e\000l\000s\000.\000D\000e\000f\000a\000u\000l\000t\000P\000a\000g\000e\000V\000i\000e\000w\000M\000o\000d\000e\000l\000\040\000C\000l\000a\000s\000s\000\040\000R\000e\000f\000e\000r\000e\000n\000c\000e}{chapter.6}% 116
\BOOKMARK [2][-]{subsection.6.35.1}{\376\377\0006\000.\0003\0005\000.\0001\000\040\000D\000e\000t\000a\000i\000l\000e\000d\000\040\000D\000e\000s\000c\000r\000i\000p\000t\000i\000o\000n}{section.6.35}% 117
\BOOKMARK [1][-]{section.6.36}{\376\377\0006\000.\0003\0006\000\040\000F\000r\000a\000c\000t\000a\000l\000G\000e\000n\000e\000r\000a\000t\000o\000r\000M\000V\000V\000M\000.\000V\000i\000e\000w\000M\000o\000d\000e\000l\000s\000.\000P\000a\000g\000e\000s\000.\000D\000e\000f\000a\000u\000l\000t\000P\000a\000g\000e\000V\000i\000e\000w\000M\000o\000d\000e\000l\000\040\000C\000l\000a\000s\000s\000\040\000R\000e\000f\000e\000r\000e\000n\000c\000e}{chapter.6}% 118
\BOOKMARK [1][-]{section.6.37}{\376\377\0006\000.\0003\0007\000\040\000F\000r\000a\000c\000t\000a\000l\000G\000e\000n\000e\000r\000a\000t\000o\000r\000M\000V\000V\000M\000.\000V\000i\000e\000w\000s\000.\000D\000e\000f\000a\000u\000l\000t\000W\000i\000n\000d\000o\000w\000V\000i\000e\000w\000\040\000C\000l\000a\000s\000s\000\040\000R\000e\000f\000e\000r\000e\000n\000c\000e}{chapter.6}% 119
\BOOKMARK [2][-]{subsection.6.37.1}{\376\377\0006\000.\0003\0007\000.\0001\000\040\000D\000e\000t\000a\000i\000l\000e\000d\000\040\000D\000e\000s\000c\000r\000i\000p\000t\000i\000o\000n}{section.6.37}% 120
\BOOKMARK [1][-]{section.6.38}{\376\377\0006\000.\0003\0008\000\040\000F\000r\000a\000c\000t\000a\000l\000G\000e\000n\000e\000r\000a\000t\000o\000r\000M\000V\000V\000M\000.\000V\000i\000e\000w\000s\000.\000W\000i\000n\000d\000o\000w\000s\000.\000D\000e\000f\000a\000u\000l\000t\000W\000i\000n\000d\000o\000w\000V\000i\000e\000w\000\040\000C\000l\000a\000s\000s\000\040\000R\000e\000f\000e\000r\000e\000n\000c\000e}{chapter.6}% 121
\BOOKMARK [2][-]{subsection.6.38.1}{\376\377\0006\000.\0003\0008\000.\0001\000\040\000D\000e\000t\000a\000i\000l\000e\000d\000\040\000D\000e\000s\000c\000r\000i\000p\000t\000i\000o\000n}{section.6.38}% 122
\BOOKMARK [1][-]{section.6.39}{\376\377\0006\000.\0003\0009\000\040\000F\000r\000a\000c\000t\000a\000l\000G\000e\000n\000e\000r\000a\000t\000o\000r\000M\000V\000V\000M\000.\000V\000i\000e\000w\000M\000o\000d\000e\000l\000s\000.\000W\000i\000n\000d\000o\000w\000s\000.\000D\000e\000f\000a\000u\000l\000t\000W\000i\000n\000d\000o\000w\000V\000i\000e\000w\000M\000o\000d\000e\000l\000\040\000C\000l\000a\000s\000s\000\040\000R\000e\000f\000e\000r\000e\000n\000c\000e}{chapter.6}% 123
\BOOKMARK [2][-]{subsection.6.39.1}{\376\377\0006\000.\0003\0009\000.\0001\000\040\000M\000e\000m\000b\000e\000r\000\040\000F\000u\000n\000c\000t\000i\000o\000n\000\040\000D\000o\000c\000u\000m\000e\000n\000t\000a\000t\000i\000o\000n}{section.6.39}% 124
\BOOKMARK [3][-]{subsubsection.6.39.1.1}{\376\377\0006\000.\0003\0009\000.\0001\000.\0001\000\040\000U\000p\000d\000a\000t\000e\000P\000r\000o\000p\000e\000r\000t\000i\000e\000s\000\050\000\051}{subsection.6.39.1}% 125
\BOOKMARK [1][-]{section.6.40}{\376\377\0006\000.\0004\0000\000\040\000F\000r\000a\000c\000t\000a\000l\000G\000e\000n\000e\000r\000a\000t\000o\000r\000M\000V\000V\000M\000.\000V\000i\000e\000w\000s\000.\000F\000o\000r\000m\000u\000l\000a\000S\000t\000a\000c\000k\000\040\000C\000l\000a\000s\000s\000\040\000R\000e\000f\000e\000r\000e\000n\000c\000e}{chapter.6}% 126
\BOOKMARK [2][-]{subsection.6.40.1}{\376\377\0006\000.\0004\0000\000.\0001\000\040\000D\000e\000t\000a\000i\000l\000e\000d\000\040\000D\000e\000s\000c\000r\000i\000p\000t\000i\000o\000n}{section.6.40}% 127
\BOOKMARK [1][-]{section.6.41}{\376\377\0006\000.\0004\0001\000\040\000F\000r\000a\000c\000t\000a\000l\000G\000e\000n\000e\000r\000a\000t\000o\000r\000M\000V\000V\000M\000.\000V\000i\000e\000w\000s\000.\000F\000o\000r\000m\000u\000l\000a\000S\000t\000a\000c\000k\000V\000i\000e\000w\000\040\000C\000l\000a\000s\000s\000\040\000R\000e\000f\000e\000r\000e\000n\000c\000e}{chapter.6}% 128
\BOOKMARK [2][-]{subsection.6.41.1}{\376\377\0006\000.\0004\0001\000.\0001\000\040\000D\000e\000t\000a\000i\000l\000e\000d\000\040\000D\000e\000s\000c\000r\000i\000p\000t\000i\000o\000n}{section.6.41}% 129
\BOOKMARK [1][-]{section.6.42}{\376\377\0006\000.\0004\0002\000\040\000F\000r\000a\000c\000t\000a\000l\000C\000o\000r\000e\000.\000F\000r\000a\000c\000t\000a\000l\000\040\000C\000l\000a\000s\000s\000\040\000R\000e\000f\000e\000r\000e\000n\000c\000e}{chapter.6}% 130
\BOOKMARK [1][-]{section.6.43}{\376\377\0006\000.\0004\0003\000\040\000F\000r\000a\000c\000t\000a\000l\000C\000o\000r\000e\000.\000F\000r\000a\000c\000t\000a\000l\000F\000r\000a\000m\000e\000\040\000C\000l\000a\000s\000s\000\040\000R\000e\000f\000e\000r\000e\000n\000c\000e}{chapter.6}% 131
\BOOKMARK [2][-]{subsection.6.43.1}{\376\377\0006\000.\0004\0003\000.\0001\000\040\000D\000e\000t\000a\000i\000l\000e\000d\000\040\000D\000e\000s\000c\000r\000i\000p\000t\000i\000o\000n}{section.6.43}% 132
\BOOKMARK [1][-]{section.6.44}{\376\377\0006\000.\0004\0004\000\040\000F\000r\000a\000c\000t\000a\000l\000G\000e\000n\000e\000r\000a\000t\000o\000r\000M\000V\000V\000M\000.\000V\000i\000e\000w\000s\000.\000M\000o\000d\000e\000l\000s\000.\000F\000r\000a\000c\000t\000a\000l\000F\000r\000a\000m\000e\000D\000E\000S\000I\000G\000N\000\040\000C\000l\000a\000s\000s\000\040\000R\000e\000f\000e\000r\000e\000n\000c\000e}{chapter.6}% 133
\BOOKMARK [1][-]{section.6.45}{\376\377\0006\000.\0004\0005\000\040\000F\000r\000a\000c\000t\000a\000l\000G\000e\000n\000e\000r\000a\000t\000o\000r\000M\000V\000V\000M\000.\000C\000o\000n\000t\000r\000o\000l\000s\000.\000F\000r\000a\000c\000t\000a\000l\000F\000r\000a\000m\000e\000I\000t\000e\000m\000\040\000C\000l\000a\000s\000s\000\040\000R\000e\000f\000e\000r\000e\000n\000c\000e}{chapter.6}% 134
\BOOKMARK [2][-]{subsection.6.45.1}{\376\377\0006\000.\0004\0005\000.\0001\000\040\000D\000e\000t\000a\000i\000l\000e\000d\000\040\000D\000e\000s\000c\000r\000i\000p\000t\000i\000o\000n}{section.6.45}% 135
\BOOKMARK [1][-]{section.6.46}{\376\377\0006\000.\0004\0006\000\040\000F\000r\000a\000c\000t\000a\000l\000G\000e\000n\000e\000r\000a\000t\000o\000r\000M\000V\000V\000M\000.\000V\000i\000e\000w\000s\000.\000F\000r\000a\000c\000t\000a\000l\000F\000r\000a\000m\000e\000R\000o\000w\000V\000i\000e\000w\000\040\000C\000l\000a\000s\000s\000\040\000R\000e\000f\000e\000r\000e\000n\000c\000e}{chapter.6}% 136
\BOOKMARK [2][-]{subsection.6.46.1}{\376\377\0006\000.\0004\0006\000.\0001\000\040\000D\000e\000t\000a\000i\000l\000e\000d\000\040\000D\000e\000s\000c\000r\000i\000p\000t\000i\000o\000n}{section.6.46}% 137
\BOOKMARK [1][-]{section.6.47}{\376\377\0006\000.\0004\0007\000\040\000F\000r\000a\000c\000t\000a\000l\000G\000e\000n\000e\000r\000a\000t\000o\000r\000M\000V\000V\000M\000.\000V\000i\000e\000w\000M\000o\000d\000e\000l\000s\000.\000F\000r\000a\000c\000t\000a\000l\000F\000r\000a\000m\000e\000R\000o\000w\000V\000i\000e\000w\000M\000o\000d\000e\000l\000\040\000C\000l\000a\000s\000s\000\040\000R\000e\000f\000e\000r\000e\000n\000c\000e}{chapter.6}% 138
\BOOKMARK [1][-]{section.6.48}{\376\377\0006\000.\0004\0008\000\040\000F\000r\000a\000c\000t\000a\000l\000G\000e\000n\000e\000r\000a\000t\000o\000r\000M\000V\000V\000M\000.\000V\000i\000e\000w\000s\000.\000F\000r\000a\000c\000t\000a\000l\000F\000r\000a\000m\000e\000S\000t\000a\000c\000k\000\040\000C\000l\000a\000s\000s\000\040\000R\000e\000f\000e\000r\000e\000n\000c\000e}{chapter.6}% 139
\BOOKMARK [2][-]{subsection.6.48.1}{\376\377\0006\000.\0004\0008\000.\0001\000\040\000D\000e\000t\000a\000i\000l\000e\000d\000\040\000D\000e\000s\000c\000r\000i\000p\000t\000i\000o\000n}{section.6.48}% 140
\BOOKMARK [1][-]{section.6.49}{\376\377\0006\000.\0004\0009\000\040\000F\000r\000a\000c\000t\000a\000l\000G\000e\000n\000e\000r\000a\000t\000o\000r\000M\000V\000V\000M\000.\000V\000i\000e\000w\000s\000.\000C\000o\000n\000t\000r\000o\000l\000s\000.\000F\000r\000a\000c\000t\000a\000l\000F\000r\000a\000m\000e\000S\000t\000a\000c\000k\000D\000E\000S\000I\000G\000N\000\040\000C\000l\000a\000s\000s\000\040\000R\000e\000f\000e\000r\000e\000n\000c\000e}{chapter.6}% 141
\BOOKMARK [1][-]{section.6.50}{\376\377\0006\000.\0005\0000\000\040\000F\000r\000a\000c\000t\000a\000l\000G\000e\000n\000e\000r\000a\000t\000o\000r\000M\000V\000V\000M\000.\000V\000i\000e\000w\000s\000.\000C\000o\000n\000t\000r\000o\000l\000s\000.\000F\000r\000a\000c\000t\000a\000l\000F\000r\000a\000m\000e\000S\000t\000a\000c\000k\000V\000i\000e\000w\000\040\000C\000l\000a\000s\000s\000\040\000R\000e\000f\000e\000r\000e\000n\000c\000e}{chapter.6}% 142
\BOOKMARK [2][-]{subsection.6.50.1}{\376\377\0006\000.\0005\0000\000.\0001\000\040\000D\000e\000t\000a\000i\000l\000e\000d\000\040\000D\000e\000s\000c\000r\000i\000p\000t\000i\000o\000n}{section.6.50}% 143
\BOOKMARK [1][-]{section.6.51}{\376\377\0006\000.\0005\0001\000\040\000F\000r\000a\000c\000t\000a\000l\000G\000e\000n\000e\000r\000a\000t\000o\000r\000M\000V\000V\000M\000.\000V\000i\000e\000w\000s\000.\000C\000o\000n\000t\000r\000o\000l\000V\000i\000e\000w\000s\000.\000F\000r\000a\000c\000t\000a\000l\000F\000r\000a\000m\000e\000S\000t\000a\000c\000k\000V\000i\000e\000w\000\040\000C\000l\000a\000s\000s\000\040\000R\000e\000f\000e\000r\000e\000n\000c\000e}{chapter.6}% 144
\BOOKMARK [2][-]{subsection.6.51.1}{\376\377\0006\000.\0005\0001\000.\0001\000\040\000D\000e\000t\000a\000i\000l\000e\000d\000\040\000D\000e\000s\000c\000r\000i\000p\000t\000i\000o\000n}{section.6.51}% 145
\BOOKMARK [1][-]{section.6.52}{\376\377\0006\000.\0005\0002\000\040\000F\000r\000a\000c\000t\000a\000l\000G\000e\000n\000e\000r\000a\000t\000o\000r\000M\000V\000V\000M\000.\000V\000i\000e\000w\000s\000.\000F\000r\000a\000c\000t\000a\000l\000F\000r\000a\000m\000e\000S\000t\000a\000c\000k\000V\000i\000e\000w\000\040\000C\000l\000a\000s\000s\000\040\000R\000e\000f\000e\000r\000e\000n\000c\000e}{chapter.6}% 146
\BOOKMARK [2][-]{subsection.6.52.1}{\376\377\0006\000.\0005\0002\000.\0001\000\040\000D\000e\000t\000a\000i\000l\000e\000d\000\040\000D\000e\000s\000c\000r\000i\000p\000t\000i\000o\000n}{section.6.52}% 147
\BOOKMARK [1][-]{section.6.53}{\376\377\0006\000.\0005\0003\000\040\000F\000r\000a\000c\000t\000a\000l\000G\000e\000n\000e\000r\000a\000t\000o\000r\000M\000V\000V\000M\000.\000V\000i\000e\000w\000M\000o\000d\000e\000l\000s\000.\000C\000o\000n\000t\000r\000o\000l\000s\000.\000F\000r\000a\000c\000t\000a\000l\000F\000r\000a\000m\000e\000S\000t\000a\000c\000k\000V\000i\000e\000w\000M\000o\000d\000e\000l\000\040\000C\000l\000a\000s\000s\000\040\000R\000e\000f\000e\000r\000e\000n\000c\000e}{chapter.6}% 148
\BOOKMARK [2][-]{subsection.6.53.1}{\376\377\0006\000.\0005\0003\000.\0001\000\040\000M\000e\000m\000b\000e\000r\000\040\000F\000u\000n\000c\000t\000i\000o\000n\000\040\000D\000o\000c\000u\000m\000e\000n\000t\000a\000t\000i\000o\000n}{section.6.53}% 149
\BOOKMARK [3][-]{subsubsection.6.53.1.1}{\376\377\0006\000.\0005\0003\000.\0001\000.\0001\000\040\000A\000d\000d\000F\000r\000a\000c\000t\000a\000l\000F\000r\000a\000m\000e\000\050\000\051}{subsection.6.53.1}% 150
\BOOKMARK [1][-]{section.6.54}{\376\377\0006\000.\0005\0004\000\040\000F\000r\000a\000c\000t\000a\000l\000G\000e\000n\000e\000r\000a\000t\000o\000r\000M\000V\000V\000M\000.\000V\000i\000e\000w\000s\000.\000F\000r\000a\000c\000t\000a\000l\000F\000r\000a\000m\000e\000V\000i\000e\000w\000\040\000C\000l\000a\000s\000s\000\040\000R\000e\000f\000e\000r\000e\000n\000c\000e}{chapter.6}% 151
\BOOKMARK [2][-]{subsection.6.54.1}{\376\377\0006\000.\0005\0004\000.\0001\000\040\000D\000e\000t\000a\000i\000l\000e\000d\000\040\000D\000e\000s\000c\000r\000i\000p\000t\000i\000o\000n}{section.6.54}% 152
\BOOKMARK [1][-]{section.6.55}{\376\377\0006\000.\0005\0005\000\040\000F\000r\000a\000c\000t\000a\000l\000G\000e\000n\000e\000r\000a\000t\000o\000r\000M\000V\000V\000M\000.\000V\000i\000e\000w\000s\000.\000M\000o\000d\000e\000l\000s\000.\000F\000r\000a\000c\000t\000a\000l\000F\000r\000a\000m\000e\000V\000i\000e\000w\000\040\000C\000l\000a\000s\000s\000\040\000R\000e\000f\000e\000r\000e\000n\000c\000e}{chapter.6}% 153
\BOOKMARK [2][-]{subsection.6.55.1}{\376\377\0006\000.\0005\0005\000.\0001\000\040\000D\000e\000t\000a\000i\000l\000e\000d\000\040\000D\000e\000s\000c\000r\000i\000p\000t\000i\000o\000n}{section.6.55}% 154
\BOOKMARK [1][-]{section.6.56}{\376\377\0006\000.\0005\0006\000\040\000F\000r\000a\000c\000t\000a\000l\000G\000e\000n\000e\000r\000a\000t\000o\000r\000M\000V\000V\000M\000.\000V\000i\000e\000w\000s\000.\000M\000o\000d\000e\000l\000V\000i\000e\000w\000s\000.\000F\000r\000a\000c\000t\000a\000l\000F\000r\000a\000m\000e\000V\000i\000e\000w\000\040\000C\000l\000a\000s\000s\000\040\000R\000e\000f\000e\000r\000e\000n\000c\000e}{chapter.6}% 155
\BOOKMARK [2][-]{subsection.6.56.1}{\376\377\0006\000.\0005\0006\000.\0001\000\040\000D\000e\000t\000a\000i\000l\000e\000d\000\040\000D\000e\000s\000c\000r\000i\000p\000t\000i\000o\000n}{section.6.56}% 156
\BOOKMARK [1][-]{section.6.57}{\376\377\0006\000.\0005\0007\000\040\000F\000r\000a\000c\000t\000a\000l\000G\000e\000n\000e\000r\000a\000t\000o\000r\000M\000V\000V\000M\000.\000V\000i\000e\000w\000M\000o\000d\000e\000l\000s\000.\000M\000o\000d\000e\000l\000s\000.\000F\000r\000a\000c\000t\000a\000l\000F\000r\000a\000m\000e\000V\000i\000e\000w\000M\000o\000d\000e\000l\000\040\000C\000l\000a\000s\000s\000\040\000R\000e\000f\000e\000r\000e\000n\000c\000e}{chapter.6}% 157
\BOOKMARK [1][-]{section.6.58}{\376\377\0006\000.\0005\0008\000\040\000F\000r\000a\000c\000t\000a\000l\000C\000o\000r\000e\000.\000F\000r\000a\000c\000t\000a\000l\000I\000m\000a\000g\000e\000\040\000C\000l\000a\000s\000s\000\040\000R\000e\000f\000e\000r\000e\000n\000c\000e}{chapter.6}% 158
\BOOKMARK [2][-]{subsection.6.58.1}{\376\377\0006\000.\0005\0008\000.\0001\000\040\000D\000e\000t\000a\000i\000l\000e\000d\000\040\000D\000e\000s\000c\000r\000i\000p\000t\000i\000o\000n}{section.6.58}% 159
\BOOKMARK [1][-]{section.6.59}{\376\377\0006\000.\0005\0009\000\040\000F\000r\000a\000c\000t\000a\000l\000G\000e\000n\000e\000r\000a\000t\000o\000r\000M\000V\000V\000M\000.\000B\000o\000o\000t\000s\000t\000r\000a\000p\000p\000e\000r\000.\000F\000r\000a\000c\000t\000a\000l\000O\000b\000j\000e\000c\000t\000P\000a\000c\000k\000a\000g\000e\000\040\000S\000t\000r\000u\000c\000t\000\040\000R\000e\000f\000e\000r\000e\000n\000c\000e}{chapter.6}% 160
\BOOKMARK [1][-]{section.6.60}{\376\377\0006\000.\0006\0000\000\040\000F\000r\000a\000c\000t\000a\000l\000C\000o\000r\000e\000.\000F\000u\000l\000l\000R\000e\000n\000d\000e\000r\000J\000o\000b\000\040\000C\000l\000a\000s\000s\000\040\000R\000e\000f\000e\000r\000e\000n\000c\000e}{chapter.6}% 161
\BOOKMARK [1][-]{section.6.61}{\376\377\0006\000.\0006\0001\000\040\000X\000a\000m\000l\000G\000e\000n\000e\000r\000a\000t\000e\000d\000N\000a\000m\000e\000s\000p\000a\000c\000e\000.\000G\000e\000n\000e\000r\000a\000t\000e\000d\000I\000n\000t\000e\000r\000n\000a\000l\000T\000y\000p\000e\000H\000e\000l\000p\000e\000r\000\040\000C\000l\000a\000s\000s\000\040\000R\000e\000f\000e\000r\000e\000n\000c\000e}{chapter.6}% 162
\BOOKMARK [2][-]{subsection.6.61.1}{\376\377\0006\000.\0006\0001\000.\0001\000\040\000D\000e\000t\000a\000i\000l\000e\000d\000\040\000D\000e\000s\000c\000r\000i\000p\000t\000i\000o\000n}{section.6.61}% 163
\BOOKMARK [1][-]{section.6.62}{\376\377\0006\000.\0006\0002\000\040\000F\000r\000a\000c\000t\000a\000l\000C\000o\000r\000e\000.\000I\000I\000t\000e\000r\000a\000t\000o\000r\000\040\000I\000n\000t\000e\000r\000f\000a\000c\000e\000\040\000R\000e\000f\000e\000r\000e\000n\000c\000e}{chapter.6}% 164
\BOOKMARK [2][-]{subsection.6.62.1}{\376\377\0006\000.\0006\0002\000.\0001\000\040\000P\000r\000o\000p\000e\000r\000t\000y\000\040\000D\000o\000c\000u\000m\000e\000n\000t\000a\000t\000i\000o\000n}{section.6.62}% 165
\BOOKMARK [3][-]{subsubsection.6.62.1.1}{\376\377\0006\000.\0006\0002\000.\0001\000.\0001\000\040\000F\000u\000l\000l\000I\000t\000e\000r\000a\000t\000i\000o\000n\000S\000c\000r\000i\000p\000t}{subsection.6.62.1}% 166
\BOOKMARK [1][-]{section.6.63}{\376\377\0006\000.\0006\0003\000\040\000F\000r\000a\000c\000t\000a\000l\000C\000o\000r\000e\000.\000P\000a\000i\000n\000t\000i\000n\000g\000.\000I\000P\000a\000i\000n\000t\000e\000r\000\040\000I\000n\000t\000e\000r\000f\000a\000c\000e\000\040\000R\000e\000f\000e\000r\000e\000n\000c\000e}{chapter.6}% 167
\BOOKMARK [2][-]{subsection.6.63.1}{\376\377\0006\000.\0006\0003\000.\0001\000\040\000D\000e\000t\000a\000i\000l\000e\000d\000\040\000D\000e\000s\000c\000r\000i\000p\000t\000i\000o\000n}{section.6.63}% 168
\BOOKMARK [2][-]{subsection.6.63.2}{\376\377\0006\000.\0006\0003\000.\0002\000\040\000M\000e\000m\000b\000e\000r\000\040\000F\000u\000n\000c\000t\000i\000o\000n\000\040\000D\000o\000c\000u\000m\000e\000n\000t\000a\000t\000i\000o\000n}{section.6.63}% 169
\BOOKMARK [3][-]{subsubsection.6.63.2.1}{\376\377\0006\000.\0006\0003\000.\0002\000.\0001\000\040\000P\000a\000i\000n\000t\000\050\000\051}{subsection.6.63.2}% 170
\BOOKMARK [1][-]{section.6.64}{\376\377\0006\000.\0006\0004\000\040\000F\000r\000a\000c\000t\000a\000l\000G\000e\000n\000e\000r\000a\000t\000o\000r\000M\000V\000V\000M\000.\000V\000i\000e\000w\000M\000o\000d\000e\000l\000s\000.\000M\000o\000d\000e\000l\000s\000.\000P\000a\000i\000n\000t\000e\000r\000s\000.\000I\000P\000a\000i\000n\000t\000e\000r\000V\000i\000e\000w\000M\000o\000d\000e\000l\000\040\000I\000n\000t\000e\000r\000f\000a\000c\000e\000\040\000R\000e\000f\000e\000r\000e\000n\000c\000e}{chapter.6}% 171
\BOOKMARK [2][-]{subsection.6.64.1}{\376\377\0006\000.\0006\0004\000.\0001\000\040\000P\000r\000o\000p\000e\000r\000t\000y\000\040\000D\000o\000c\000u\000m\000e\000n\000t\000a\000t\000i\000o\000n}{section.6.64}% 172
\BOOKMARK [3][-]{subsubsection.6.64.1.1}{\376\377\0006\000.\0006\0004\000.\0001\000.\0001\000\040\000P\000a\000i\000n\000t\000e\000r\000M\000o\000d\000e\000l}{subsection.6.64.1}% 173
\BOOKMARK [1][-]{section.6.65}{\376\377\0006\000.\0006\0005\000\040\000F\000r\000a\000c\000t\000a\000l\000G\000e\000n\000e\000r\000a\000t\000o\000r\000M\000V\000V\000M\000.\000V\000i\000e\000w\000s\000.\000M\000o\000d\000e\000l\000s\000.\000I\000t\000e\000r\000a\000t\000o\000r\000D\000E\000S\000I\000G\000N\000\040\000C\000l\000a\000s\000s\000\040\000R\000e\000f\000e\000r\000e\000n\000c\000e}{chapter.6}% 174
\BOOKMARK [1][-]{section.6.66}{\376\377\0006\000.\0006\0006\000\040\000F\000r\000a\000c\000t\000a\000l\000G\000e\000n\000e\000r\000a\000t\000o\000r\000M\000V\000V\000M\000.\000V\000i\000e\000w\000s\000.\000C\000o\000n\000t\000r\000o\000l\000s\000.\000I\000t\000e\000r\000a\000t\000o\000r\000S\000t\000a\000c\000k\000D\000E\000S\000I\000G\000N\000\040\000C\000l\000a\000s\000s\000\040\000R\000e\000f\000e\000r\000e\000n\000c\000e}{chapter.6}% 175
\BOOKMARK [1][-]{section.6.67}{\376\377\0006\000.\0006\0007\000\040\000F\000r\000a\000c\000t\000a\000l\000G\000e\000n\000e\000r\000a\000t\000o\000r\000M\000V\000V\000M\000.\000V\000i\000e\000w\000s\000.\000C\000o\000n\000t\000r\000o\000l\000s\000.\000I\000t\000e\000r\000a\000t\000o\000r\000S\000t\000a\000c\000k\000V\000i\000e\000w\000\040\000C\000l\000a\000s\000s\000\040\000R\000e\000f\000e\000r\000e\000n\000c\000e}{chapter.6}% 176
\BOOKMARK [2][-]{subsection.6.67.1}{\376\377\0006\000.\0006\0007\000.\0001\000\040\000D\000e\000t\000a\000i\000l\000e\000d\000\040\000D\000e\000s\000c\000r\000i\000p\000t\000i\000o\000n}{section.6.67}% 177
\BOOKMARK [1][-]{section.6.68}{\376\377\0006\000.\0006\0008\000\040\000F\000r\000a\000c\000t\000a\000l\000G\000e\000n\000e\000r\000a\000t\000o\000r\000M\000V\000V\000M\000.\000V\000i\000e\000w\000s\000.\000C\000o\000n\000t\000r\000o\000l\000V\000i\000e\000w\000s\000.\000I\000t\000e\000r\000a\000t\000o\000r\000S\000t\000a\000c\000k\000V\000i\000e\000w\000\040\000C\000l\000a\000s\000s\000\040\000R\000e\000f\000e\000r\000e\000n\000c\000e}{chapter.6}% 178
\BOOKMARK [2][-]{subsection.6.68.1}{\376\377\0006\000.\0006\0008\000.\0001\000\040\000D\000e\000t\000a\000i\000l\000e\000d\000\040\000D\000e\000s\000c\000r\000i\000p\000t\000i\000o\000n}{section.6.68}% 179
\BOOKMARK [1][-]{section.6.69}{\376\377\0006\000.\0006\0009\000\040\000F\000r\000a\000c\000t\000a\000l\000G\000e\000n\000e\000r\000a\000t\000o\000r\000M\000V\000V\000M\000.\000V\000i\000e\000w\000s\000.\000I\000t\000e\000r\000a\000t\000o\000r\000S\000t\000a\000c\000k\000V\000i\000e\000w\000\040\000C\000l\000a\000s\000s\000\040\000R\000e\000f\000e\000r\000e\000n\000c\000e}{chapter.6}% 180
\BOOKMARK [2][-]{subsection.6.69.1}{\376\377\0006\000.\0006\0009\000.\0001\000\040\000D\000e\000t\000a\000i\000l\000e\000d\000\040\000D\000e\000s\000c\000r\000i\000p\000t\000i\000o\000n}{section.6.69}% 181
\BOOKMARK [1][-]{section.6.70}{\376\377\0006\000.\0007\0000\000\040\000F\000r\000a\000c\000t\000a\000l\000G\000e\000n\000e\000r\000a\000t\000o\000r\000M\000V\000V\000M\000.\000V\000i\000e\000w\000M\000o\000d\000e\000l\000s\000.\000C\000o\000n\000t\000r\000o\000l\000s\000.\000I\000t\000e\000r\000a\000t\000o\000r\000S\000t\000a\000c\000k\000V\000i\000e\000w\000M\000o\000d\000e\000l\000\040\000C\000l\000a\000s\000s\000\040\000R\000e\000f\000e\000r\000e\000n\000c\000e}{chapter.6}% 182
\BOOKMARK [1][-]{section.6.71}{\376\377\0006\000.\0007\0001\000\040\000F\000r\000a\000c\000t\000a\000l\000G\000e\000n\000e\000r\000a\000t\000o\000r\000M\000V\000V\000M\000.\000V\000i\000e\000w\000s\000.\000M\000o\000d\000e\000l\000s\000.\000I\000t\000e\000r\000a\000t\000o\000r\000V\000i\000e\000w\000\040\000C\000l\000a\000s\000s\000\040\000R\000e\000f\000e\000r\000e\000n\000c\000e}{chapter.6}% 183
\BOOKMARK [2][-]{subsection.6.71.1}{\376\377\0006\000.\0007\0001\000.\0001\000\040\000D\000e\000t\000a\000i\000l\000e\000d\000\040\000D\000e\000s\000c\000r\000i\000p\000t\000i\000o\000n}{section.6.71}% 184
\BOOKMARK [1][-]{section.6.72}{\376\377\0006\000.\0007\0002\000\040\000F\000r\000a\000c\000t\000a\000l\000G\000e\000n\000e\000r\000a\000t\000o\000r\000M\000V\000V\000M\000.\000V\000i\000e\000w\000s\000.\000M\000o\000d\000e\000l\000V\000i\000e\000w\000s\000.\000I\000t\000e\000r\000a\000t\000o\000r\000V\000i\000e\000w\000\040\000C\000l\000a\000s\000s\000\040\000R\000e\000f\000e\000r\000e\000n\000c\000e}{chapter.6}% 185
\BOOKMARK [2][-]{subsection.6.72.1}{\376\377\0006\000.\0007\0002\000.\0001\000\040\000D\000e\000t\000a\000i\000l\000e\000d\000\040\000D\000e\000s\000c\000r\000i\000p\000t\000i\000o\000n}{section.6.72}% 186
\BOOKMARK [1][-]{section.6.73}{\376\377\0006\000.\0007\0003\000\040\000F\000r\000a\000c\000t\000a\000l\000G\000e\000n\000e\000r\000a\000t\000o\000r\000M\000V\000V\000M\000.\000V\000i\000e\000w\000M\000o\000d\000e\000l\000s\000.\000M\000o\000d\000e\000l\000s\000.\000I\000t\000e\000r\000a\000t\000o\000r\000V\000i\000e\000w\000M\000o\000d\000e\000l\000\040\000C\000l\000a\000s\000s\000\040\000R\000e\000f\000e\000r\000e\000n\000c\000e}{chapter.6}% 187
\BOOKMARK [1][-]{section.6.74}{\376\377\0006\000.\0007\0004\000\040\000F\000r\000a\000c\000t\000a\000l\000C\000o\000r\000e\000.\000J\000o\000b\000\040\000C\000l\000a\000s\000s\000\040\000R\000e\000f\000e\000r\000e\000n\000c\000e}{chapter.6}% 188
\BOOKMARK [1][-]{section.6.75}{\376\377\0006\000.\0007\0005\000\040\000F\000r\000a\000c\000t\000a\000l\000G\000e\000n\000e\000r\000a\000t\000o\000r\000M\000V\000V\000M\000.\000K\000e\000r\000n\000e\000l\000\040\000C\000l\000a\000s\000s\000\040\000R\000e\000f\000e\000r\000e\000n\000c\000e}{chapter.6}% 189
\BOOKMARK [2][-]{subsection.6.75.1}{\376\377\0006\000.\0007\0005\000.\0001\000\040\000D\000e\000t\000a\000i\000l\000e\000d\000\040\000D\000e\000s\000c\000r\000i\000p\000t\000i\000o\000n}{section.6.75}% 190
\BOOKMARK [1][-]{section.6.76}{\376\377\0006\000.\0007\0006\000\040\000F\000r\000a\000c\000t\000a\000l\000G\000e\000n\000e\000r\000a\000t\000o\000r\000M\000V\000V\000M\000.\000C\000o\000n\000t\000r\000o\000l\000s\000.\000L\000a\000b\000e\000l\000e\000d\000T\000e\000x\000t\000B\000o\000x\000\040\000C\000l\000a\000s\000s\000\040\000R\000e\000f\000e\000r\000e\000n\000c\000e}{chapter.6}% 191
\BOOKMARK [2][-]{subsection.6.76.1}{\376\377\0006\000.\0007\0006\000.\0001\000\040\000D\000e\000t\000a\000i\000l\000e\000d\000\040\000D\000e\000s\000c\000r\000i\000p\000t\000i\000o\000n}{section.6.76}% 192
\BOOKMARK [1][-]{section.6.77}{\376\377\0006\000.\0007\0007\000\040\000F\000r\000a\000c\000t\000a\000l\000G\000e\000n\000e\000r\000a\000t\000o\000r\000M\000V\000V\000M\000.\000M\000a\000i\000n\000W\000i\000n\000d\000o\000w\000\040\000C\000l\000a\000s\000s\000\040\000R\000e\000f\000e\000r\000e\000n\000c\000e}{chapter.6}% 193
\BOOKMARK [2][-]{subsection.6.77.1}{\376\377\0006\000.\0007\0007\000.\0001\000\040\000D\000e\000t\000a\000i\000l\000e\000d\000\040\000D\000e\000s\000c\000r\000i\000p\000t\000i\000o\000n}{section.6.77}% 194
\BOOKMARK [1][-]{section.6.78}{\376\377\0006\000.\0007\0008\000\040\000F\000r\000a\000c\000t\000a\000l\000G\000e\000n\000e\000r\000a\000t\000o\000r\000M\000V\000V\000M\000.\000V\000i\000e\000w\000s\000.\000M\000a\000i\000n\000W\000i\000n\000d\000o\000w\000\040\000C\000l\000a\000s\000s\000\040\000R\000e\000f\000e\000r\000e\000n\000c\000e}{chapter.6}% 195
\BOOKMARK [2][-]{subsection.6.78.1}{\376\377\0006\000.\0007\0008\000.\0001\000\040\000D\000e\000t\000a\000i\000l\000e\000d\000\040\000D\000e\000s\000c\000r\000i\000p\000t\000i\000o\000n}{section.6.78}% 196
\BOOKMARK [1][-]{section.6.79}{\376\377\0006\000.\0007\0009\000\040\000F\000r\000a\000c\000t\000a\000l\000G\000e\000n\000e\000r\000a\000t\000o\000r\000M\000V\000V\000M\000.\000V\000i\000e\000w\000s\000.\000M\000a\000i\000n\000W\000i\000n\000d\000o\000w\000V\000i\000e\000w\000\040\000C\000l\000a\000s\000s\000\040\000R\000e\000f\000e\000r\000e\000n\000c\000e}{chapter.6}% 197
\BOOKMARK [2][-]{subsection.6.79.1}{\376\377\0006\000.\0007\0009\000.\0001\000\040\000D\000e\000t\000a\000i\000l\000e\000d\000\040\000D\000e\000s\000c\000r\000i\000p\000t\000i\000o\000n}{section.6.79}% 198
\BOOKMARK [1][-]{section.6.80}{\376\377\0006\000.\0008\0000\000\040\000F\000r\000a\000c\000t\000a\000l\000G\000e\000n\000e\000r\000a\000t\000o\000r\000M\000V\000V\000M\000.\000V\000i\000e\000w\000s\000.\000W\000i\000n\000d\000o\000w\000s\000.\000D\000e\000f\000a\000u\000l\000t\000W\000i\000n\000d\000o\000w\000V\000i\000e\000w\000.\000M\000I\000N\000M\000A\000X\000I\000N\000F\000O\000\040\000S\000t\000r\000u\000c\000t\000\040\000R\000e\000f\000e\000r\000e\000n\000c\000e}{chapter.6}% 199
\BOOKMARK [1][-]{section.6.81}{\376\377\0006\000.\0008\0001\000\040\000F\000r\000a\000c\000t\000a\000l\000G\000e\000n\000e\000r\000a\000t\000o\000r\000M\000V\000V\000M\000.\000V\000i\000e\000w\000s\000.\000W\000i\000n\000d\000o\000w\000s\000.\000N\000o\000M\000a\000x\000W\000i\000n\000d\000o\000w\000V\000i\000e\000w\000.\000M\000I\000N\000M\000A\000X\000I\000N\000F\000O\000\040\000S\000t\000r\000u\000c\000t\000\040\000R\000e\000f\000e\000r\000e\000n\000c\000e}{chapter.6}% 200
\BOOKMARK [1][-]{section.6.82}{\376\377\0006\000.\0008\0002\000\040\000F\000r\000a\000c\000t\000a\000l\000G\000e\000n\000e\000r\000a\000t\000o\000r\000M\000V\000V\000M\000.\000V\000i\000e\000w\000s\000.\000W\000i\000n\000d\000o\000w\000s\000.\000D\000e\000f\000a\000u\000l\000t\000W\000i\000n\000d\000o\000w\000V\000i\000e\000w\000.\000M\000O\000N\000I\000T\000O\000R\000I\000N\000F\000O\000\040\000C\000l\000a\000s\000s\000\040\000R\000e\000f\000e\000r\000e\000n\000c\000e}{chapter.6}% 201
\BOOKMARK [1][-]{section.6.83}{\376\377\0006\000.\0008\0003\000\040\000F\000r\000a\000c\000t\000a\000l\000G\000e\000n\000e\000r\000a\000t\000o\000r\000M\000V\000V\000M\000.\000V\000i\000e\000w\000s\000.\000W\000i\000n\000d\000o\000w\000s\000.\000N\000o\000M\000a\000x\000W\000i\000n\000d\000o\000w\000V\000i\000e\000w\000.\000M\000O\000N\000I\000T\000O\000R\000I\000N\000F\000O\000\040\000C\000l\000a\000s\000s\000\040\000R\000e\000f\000e\000r\000e\000n\000c\000e}{chapter.6}% 202
\BOOKMARK [1][-]{section.6.84}{\376\377\0006\000.\0008\0004\000\040\000F\000r\000a\000c\000t\000a\000l\000G\000e\000n\000e\000r\000a\000t\000o\000r\000M\000V\000V\000M\000.\000V\000i\000e\000w\000s\000.\000W\000i\000n\000d\000o\000w\000s\000.\000N\000o\000M\000a\000x\000W\000i\000n\000d\000o\000w\000V\000i\000e\000w\000\040\000C\000l\000a\000s\000s\000\040\000R\000e\000f\000e\000r\000e\000n\000c\000e}{chapter.6}% 203
\BOOKMARK [2][-]{subsection.6.84.1}{\376\377\0006\000.\0008\0004\000.\0001\000\040\000D\000e\000t\000a\000i\000l\000e\000d\000\040\000D\000e\000s\000c\000r\000i\000p\000t\000i\000o\000n}{section.6.84}% 204
\BOOKMARK [1][-]{section.6.85}{\376\377\0006\000.\0008\0005\000\040\000F\000r\000a\000c\000t\000a\000l\000G\000e\000n\000e\000r\000a\000t\000o\000r\000M\000V\000V\000M\000.\000V\000i\000e\000w\000M\000o\000d\000e\000l\000s\000.\000W\000i\000n\000d\000o\000w\000s\000.\000N\000o\000M\000a\000x\000W\000i\000n\000d\000o\000w\000V\000i\000e\000w\000M\000o\000d\000e\000l\000\040\000C\000l\000a\000s\000s\000\040\000R\000e\000f\000e\000r\000e\000n\000c\000e}{chapter.6}% 205
\BOOKMARK [1][-]{section.6.86}{\376\377\0006\000.\0008\0006\000\040\000F\000o\000r\000m\000u\000l\000a\000P\000a\000r\000s\000e\000r\000.\000O\000p\000e\000r\000a\000t\000o\000r\000\040\000S\000t\000r\000u\000c\000t\000\040\000R\000e\000f\000e\000r\000e\000n\000c\000e}{chapter.6}% 206
\BOOKMARK [1][-]{section.6.87}{\376\377\0006\000.\0008\0007\000\040\000F\000r\000a\000c\000t\000a\000l\000C\000o\000r\000e\000.\000P\000a\000i\000n\000t\000i\000n\000g\000.\000P\000a\000i\000n\000t\000e\000r\000B\000a\000s\000e\000\040\000C\000l\000a\000s\000s\000\040\000R\000e\000f\000e\000r\000e\000n\000c\000e}{chapter.6}% 207
\BOOKMARK [2][-]{subsection.6.87.1}{\376\377\0006\000.\0008\0007\000.\0001\000\040\000M\000e\000m\000b\000e\000r\000\040\000F\000u\000n\000c\000t\000i\000o\000n\000\040\000D\000o\000c\000u\000m\000e\000n\000t\000a\000t\000i\000o\000n}{section.6.87}% 208
\BOOKMARK [3][-]{subsubsection.6.87.1.1}{\376\377\0006\000.\0008\0007\000.\0001\000.\0001\000\040\000W\000r\000i\000t\000e\000A\000r\000r\000T\000o\000B\000M\000\050\000\051\000\040\000[\0001\000/\0002\000]}{subsection.6.87.1}% 209
\BOOKMARK [3][-]{subsubsection.6.87.1.2}{\376\377\0006\000.\0008\0007\000.\0001\000.\0002\000\040\000W\000r\000i\000t\000e\000A\000r\000r\000T\000o\000B\000M\000\050\000\051\000\040\000[\0002\000/\0002\000]}{subsection.6.87.1}% 210
\BOOKMARK [1][-]{section.6.88}{\376\377\0006\000.\0008\0008\000\040\000F\000r\000a\000c\000t\000a\000l\000G\000e\000n\000e\000r\000a\000t\000o\000r\000M\000V\000V\000M\000.\000V\000i\000e\000w\000s\000.\000M\000o\000d\000e\000l\000s\000.\000P\000a\000i\000n\000t\000e\000r\000B\000a\000s\000e\000V\000i\000e\000w\000\040\000C\000l\000a\000s\000s\000\040\000R\000e\000f\000e\000r\000e\000n\000c\000e}{chapter.6}% 211
\BOOKMARK [2][-]{subsection.6.88.1}{\376\377\0006\000.\0008\0008\000.\0001\000\040\000D\000e\000t\000a\000i\000l\000e\000d\000\040\000D\000e\000s\000c\000r\000i\000p\000t\000i\000o\000n}{section.6.88}% 212
\BOOKMARK [1][-]{section.6.89}{\376\377\0006\000.\0008\0009\000\040\000F\000r\000a\000c\000t\000a\000l\000G\000e\000n\000e\000r\000a\000t\000o\000r\000M\000V\000V\000M\000.\000V\000i\000e\000w\000s\000.\000M\000o\000d\000e\000l\000s\000.\000P\000a\000i\000n\000t\000e\000r\000s\000.\000P\000a\000i\000n\000t\000e\000r\000B\000a\000s\000e\000V\000i\000e\000w\000\040\000C\000l\000a\000s\000s\000\040\000R\000e\000f\000e\000r\000e\000n\000c\000e}{chapter.6}% 213
\BOOKMARK [2][-]{subsection.6.89.1}{\376\377\0006\000.\0008\0009\000.\0001\000\040\000D\000e\000t\000a\000i\000l\000e\000d\000\040\000D\000e\000s\000c\000r\000i\000p\000t\000i\000o\000n}{section.6.89}% 214
\BOOKMARK [1][-]{section.6.90}{\376\377\0006\000.\0009\0000\000\040\000F\000r\000a\000c\000t\000a\000l\000G\000e\000n\000e\000r\000a\000t\000o\000r\000M\000V\000V\000M\000.\000V\000i\000e\000w\000s\000.\000P\000a\000i\000n\000t\000e\000r\000R\000o\000w\000V\000i\000e\000w\000\040\000C\000l\000a\000s\000s\000\040\000R\000e\000f\000e\000r\000e\000n\000c\000e}{chapter.6}% 215
\BOOKMARK [2][-]{subsection.6.90.1}{\376\377\0006\000.\0009\0000\000.\0001\000\040\000D\000e\000t\000a\000i\000l\000e\000d\000\040\000D\000e\000s\000c\000r\000i\000p\000t\000i\000o\000n}{section.6.90}% 216
\BOOKMARK [1][-]{section.6.91}{\376\377\0006\000.\0009\0001\000\040\000F\000r\000a\000c\000t\000a\000l\000G\000e\000n\000e\000r\000a\000t\000o\000r\000M\000V\000V\000M\000.\000V\000i\000e\000w\000M\000o\000d\000e\000l\000s\000.\000P\000a\000i\000n\000t\000e\000r\000R\000o\000w\000V\000i\000e\000w\000M\000o\000d\000e\000l\000\040\000C\000l\000a\000s\000s\000\040\000R\000e\000f\000e\000r\000e\000n\000c\000e}{chapter.6}% 217
\BOOKMARK [1][-]{section.6.92}{\376\377\0006\000.\0009\0002\000\040\000F\000r\000a\000c\000t\000a\000l\000G\000e\000n\000e\000r\000a\000t\000o\000r\000M\000V\000V\000M\000.\000V\000i\000e\000w\000s\000.\000C\000o\000n\000t\000r\000o\000l\000s\000.\000P\000a\000i\000n\000t\000e\000r\000S\000t\000a\000c\000k\000D\000E\000S\000I\000G\000N\000\040\000C\000l\000a\000s\000s\000\040\000R\000e\000f\000e\000r\000e\000n\000c\000e}{chapter.6}% 218
\BOOKMARK [1][-]{section.6.93}{\376\377\0006\000.\0009\0003\000\040\000F\000r\000a\000c\000t\000a\000l\000G\000e\000n\000e\000r\000a\000t\000o\000r\000M\000V\000V\000M\000.\000V\000i\000e\000w\000s\000.\000C\000o\000n\000t\000r\000o\000l\000s\000.\000P\000a\000i\000n\000t\000e\000r\000S\000t\000a\000c\000k\000V\000i\000e\000w\000\040\000C\000l\000a\000s\000s\000\040\000R\000e\000f\000e\000r\000e\000n\000c\000e}{chapter.6}% 219
\BOOKMARK [2][-]{subsection.6.93.1}{\376\377\0006\000.\0009\0003\000.\0001\000\040\000D\000e\000t\000a\000i\000l\000e\000d\000\040\000D\000e\000s\000c\000r\000i\000p\000t\000i\000o\000n}{section.6.93}% 220
\BOOKMARK [1][-]{section.6.94}{\376\377\0006\000.\0009\0004\000\040\000F\000r\000a\000c\000t\000a\000l\000G\000e\000n\000e\000r\000a\000t\000o\000r\000M\000V\000V\000M\000.\000V\000i\000e\000w\000s\000.\000C\000o\000n\000t\000r\000o\000l\000V\000i\000e\000w\000s\000.\000P\000a\000i\000n\000t\000e\000r\000S\000t\000a\000c\000k\000V\000i\000e\000w\000\040\000C\000l\000a\000s\000s\000\040\000R\000e\000f\000e\000r\000e\000n\000c\000e}{chapter.6}% 221
\BOOKMARK [2][-]{subsection.6.94.1}{\376\377\0006\000.\0009\0004\000.\0001\000\040\000D\000e\000t\000a\000i\000l\000e\000d\000\040\000D\000e\000s\000c\000r\000i\000p\000t\000i\000o\000n}{section.6.94}% 222
\BOOKMARK [1][-]{section.6.95}{\376\377\0006\000.\0009\0005\000\040\000F\000r\000a\000c\000t\000a\000l\000G\000e\000n\000e\000r\000a\000t\000o\000r\000M\000V\000V\000M\000.\000V\000i\000e\000w\000s\000.\000P\000a\000i\000n\000t\000e\000r\000S\000t\000a\000c\000k\000V\000i\000e\000w\000\040\000C\000l\000a\000s\000s\000\040\000R\000e\000f\000e\000r\000e\000n\000c\000e}{chapter.6}% 223
\BOOKMARK [2][-]{subsection.6.95.1}{\376\377\0006\000.\0009\0005\000.\0001\000\040\000D\000e\000t\000a\000i\000l\000e\000d\000\040\000D\000e\000s\000c\000r\000i\000p\000t\000i\000o\000n}{section.6.95}% 224
\BOOKMARK [1][-]{section.6.96}{\376\377\0006\000.\0009\0006\000\040\000F\000r\000a\000c\000t\000a\000l\000G\000e\000n\000e\000r\000a\000t\000o\000r\000M\000V\000V\000M\000.\000V\000i\000e\000w\000M\000o\000d\000e\000l\000s\000.\000C\000o\000n\000t\000r\000o\000l\000s\000.\000P\000a\000i\000n\000t\000e\000r\000S\000t\000a\000c\000k\000V\000i\000e\000w\000M\000o\000d\000e\000l\000\040\000C\000l\000a\000s\000s\000\040\000R\000e\000f\000e\000r\000e\000n\000c\000e}{chapter.6}% 225
\BOOKMARK [2][-]{subsection.6.96.1}{\376\377\0006\000.\0009\0006\000.\0001\000\040\000M\000e\000m\000b\000e\000r\000\040\000F\000u\000n\000c\000t\000i\000o\000n\000\040\000D\000o\000c\000u\000m\000e\000n\000t\000a\000t\000i\000o\000n}{section.6.96}% 226
\BOOKMARK [3][-]{subsubsection.6.96.1.1}{\376\377\0006\000.\0009\0006\000.\0001\000.\0001\000\040\000N\000e\000w\000P\000a\000i\000n\000t\000e\000r\000W\000i\000n\000d\000o\000w\000\050\000\051}{subsection.6.96.1}% 227
\BOOKMARK [1][-]{section.6.97}{\376\377\0006\000.\0009\0007\000\040\000F\000r\000a\000c\000t\000a\000l\000G\000e\000n\000e\000r\000a\000t\000o\000r\000M\000V\000V\000M\000.\000V\000i\000e\000w\000s\000.\000P\000a\000i\000n\000t\000e\000r\000V\000i\000e\000w\000\040\000C\000l\000a\000s\000s\000\040\000R\000e\000f\000e\000r\000e\000n\000c\000e}{chapter.6}% 228
\BOOKMARK [2][-]{subsection.6.97.1}{\376\377\0006\000.\0009\0007\000.\0001\000\040\000D\000e\000t\000a\000i\000l\000e\000d\000\040\000D\000e\000s\000c\000r\000i\000p\000t\000i\000o\000n}{section.6.97}% 229
\BOOKMARK [1][-]{section.6.98}{\376\377\0006\000.\0009\0008\000\040\000F\000r\000a\000c\000t\000a\000l\000G\000e\000n\000e\000r\000a\000t\000o\000r\000M\000V\000V\000M\000.\000V\000i\000e\000w\000s\000.\000M\000o\000d\000e\000l\000s\000.\000P\000a\000i\000n\000t\000e\000r\000s\000.\000P\000a\000i\000n\000t\000e\000r\000W\000h\000i\000t\000e\000V\000i\000e\000w\000\040\000C\000l\000a\000s\000s\000\040\000R\000e\000f\000e\000r\000e\000n\000c\000e}{chapter.6}% 230
\BOOKMARK [2][-]{subsection.6.98.1}{\376\377\0006\000.\0009\0008\000.\0001\000\040\000D\000e\000t\000a\000i\000l\000e\000d\000\040\000D\000e\000s\000c\000r\000i\000p\000t\000i\000o\000n}{section.6.98}% 231
\BOOKMARK [1][-]{section.6.99}{\376\377\0006\000.\0009\0009\000\040\000F\000r\000a\000c\000t\000a\000l\000C\000o\000r\000e\000.\000P\000a\000i\000n\000t\000J\000o\000b\000\040\000C\000l\000a\000s\000s\000\040\000R\000e\000f\000e\000r\000e\000n\000c\000e}{chapter.6}% 232
\BOOKMARK [1][-]{section.6.100}{\376\377\0006\000.\0001\0000\0000\000\040\000F\000r\000a\000c\000t\000a\000l\000G\000e\000n\000e\000r\000a\000t\000o\000r\000M\000V\000V\000M\000.\000V\000i\000e\000w\000s\000.\000W\000i\000n\000d\000o\000w\000s\000.\000D\000e\000f\000a\000u\000l\000t\000W\000i\000n\000d\000o\000w\000V\000i\000e\000w\000.\000P\000O\000I\000N\000T\000\040\000S\000t\000r\000u\000c\000t\000\040\000R\000e\000f\000e\000r\000e\000n\000c\000e}{chapter.6}% 233
\BOOKMARK [1][-]{section.6.101}{\376\377\0006\000.\0001\0000\0001\000\040\000F\000r\000a\000c\000t\000a\000l\000G\000e\000n\000e\000r\000a\000t\000o\000r\000M\000V\000V\000M\000.\000V\000i\000e\000w\000s\000.\000W\000i\000n\000d\000o\000w\000s\000.\000N\000o\000M\000a\000x\000W\000i\000n\000d\000o\000w\000V\000i\000e\000w\000.\000P\000O\000I\000N\000T\000\040\000S\000t\000r\000u\000c\000t\000\040\000R\000e\000f\000e\000r\000e\000n\000c\000e}{chapter.6}% 234
\BOOKMARK [1][-]{section.6.102}{\376\377\0006\000.\0001\0000\0002\000\040\000T\000e\000s\000t\000i\000n\000g\000Z\000o\000n\000e\000.\000P\000r\000o\000g\000r\000a\000m\000\040\000C\000l\000a\000s\000s\000\040\000R\000e\000f\000e\000r\000e\000n\000c\000e}{chapter.6}% 235
\BOOKMARK [1][-]{section.6.103}{\376\377\0006\000.\0001\0000\0003\000\040\000F\000r\000a\000c\000t\000a\000l\000G\000e\000n\000e\000r\000a\000t\000o\000r\000M\000V\000V\000M\000.\000V\000i\000e\000w\000s\000.\000W\000i\000n\000d\000o\000w\000s\000.\000D\000e\000f\000a\000u\000l\000t\000W\000i\000n\000d\000o\000w\000V\000i\000e\000w\000.\000R\000E\000C\000T\000\040\000S\000t\000r\000u\000c\000t\000\040\000R\000e\000f\000e\000r\000e\000n\000c\000e}{chapter.6}% 236
\BOOKMARK [1][-]{section.6.104}{\376\377\0006\000.\0001\0000\0004\000\040\000F\000r\000a\000c\000t\000a\000l\000G\000e\000n\000e\000r\000a\000t\000o\000r\000M\000V\000V\000M\000.\000V\000i\000e\000w\000s\000.\000W\000i\000n\000d\000o\000w\000s\000.\000N\000o\000M\000a\000x\000W\000i\000n\000d\000o\000w\000V\000i\000e\000w\000.\000R\000E\000C\000T\000\040\000S\000t\000r\000u\000c\000t\000\040\000R\000e\000f\000e\000r\000e\000n\000c\000e}{chapter.6}% 237
\BOOKMARK [1][-]{section.6.105}{\376\377\0006\000.\0001\0000\0005\000\040\000F\000r\000a\000c\000t\000a\000l\000C\000o\000r\000e\000.\000R\000e\000n\000d\000e\000r\000E\000n\000g\000i\000n\000e\000\040\000C\000l\000a\000s\000s\000\040\000R\000e\000f\000e\000r\000e\000n\000c\000e}{chapter.6}% 238
\BOOKMARK [2][-]{subsection.6.105.1}{\376\377\0006\000.\0001\0000\0005\000.\0001\000\040\000D\000e\000t\000a\000i\000l\000e\000d\000\040\000D\000e\000s\000c\000r\000i\000p\000t\000i\000o\000n}{section.6.105}% 239
\BOOKMARK [2][-]{subsection.6.105.2}{\376\377\0006\000.\0001\0000\0005\000.\0002\000\040\000M\000e\000m\000b\000e\000r\000\040\000F\000u\000n\000c\000t\000i\000o\000n\000\040\000D\000o\000c\000u\000m\000e\000n\000t\000a\000t\000i\000o\000n}{section.6.105}% 240
\BOOKMARK [3][-]{subsubsection.6.105.2.1}{\376\377\0006\000.\0001\0000\0005\000.\0002\000.\0001\000\040\000P\000a\000i\000n\000t\000\050\000\051}{subsection.6.105.2}% 241
\BOOKMARK [1][-]{section.6.106}{\376\377\0006\000.\0001\0000\0006\000\040\000F\000r\000a\000c\000t\000a\000l\000C\000o\000r\000e\000.\000R\000e\000n\000d\000e\000r\000P\000r\000o\000g\000r\000e\000s\000s\000M\000o\000d\000e\000l\000\040\000C\000l\000a\000s\000s\000\040\000R\000e\000f\000e\000r\000e\000n\000c\000e}{chapter.6}% 242
\BOOKMARK [1][-]{section.6.107}{\376\377\0006\000.\0001\0000\0007\000\040\000F\000o\000r\000m\000u\000l\000a\000P\000a\000r\000s\000e\000r\000.\000R\000P\000N\000\040\000C\000l\000a\000s\000s\000\040\000R\000e\000f\000e\000r\000e\000n\000c\000e}{chapter.6}% 243
\BOOKMARK [2][-]{subsection.6.107.1}{\376\377\0006\000.\0001\0000\0007\000.\0001\000\040\000C\000o\000n\000s\000t\000r\000u\000c\000t\000o\000r\000\040\000\046\000\040\000D\000e\000s\000t\000r\000u\000c\000t\000o\000r\000\040\000D\000o\000c\000u\000m\000e\000n\000t\000a\000t\000i\000o\000n}{section.6.107}% 244
\BOOKMARK [3][-]{subsubsection.6.107.1.1}{\376\377\0006\000.\0001\0000\0007\000.\0001\000.\0001\000\040\000R\000P\000N\000\050\000\051}{subsection.6.107.1}% 245
\BOOKMARK [2][-]{subsection.6.107.2}{\376\377\0006\000.\0001\0000\0007\000.\0002\000\040\000M\000e\000m\000b\000e\000r\000\040\000F\000u\000n\000c\000t\000i\000o\000n\000\040\000D\000o\000c\000u\000m\000e\000n\000t\000a\000t\000i\000o\000n}{section.6.107}% 246
\BOOKMARK [3][-]{subsubsection.6.107.2.1}{\376\377\0006\000.\0001\0000\0007\000.\0002\000.\0001\000\040\000G\000e\000n\000e\000r\000a\000t\000e\000O\000p\000e\000n\000C\000L\000C\000\050\000\051}{subsection.6.107.2}% 247
\BOOKMARK [2][-]{subsection.6.107.3}{\376\377\0006\000.\0001\0000\0007\000.\0003\000\040\000M\000e\000m\000b\000e\000r\000\040\000D\000a\000t\000a\000\040\000D\000o\000c\000u\000m\000e\000n\000t\000a\000t\000i\000o\000n}{section.6.107}% 248
\BOOKMARK [3][-]{subsubsection.6.107.3.1}{\376\377\0006\000.\0001\0000\0007\000.\0003\000.\0001\000\040\000C\000o\000n\000s\000t\000a\000n\000t\000s}{subsection.6.107.3}% 249
\BOOKMARK [3][-]{subsubsection.6.107.3.2}{\376\377\0006\000.\0001\0000\0007\000.\0003\000.\0002\000\040\000O\000p\000e\000r\000a\000t\000o\000r\000s}{subsection.6.107.3}% 250
\BOOKMARK [3][-]{subsubsection.6.107.3.3}{\376\377\0006\000.\0001\0000\0007\000.\0003\000.\0003\000\040\000O\000r\000d\000e\000r\000R\000u\000l\000e\000s}{subsection.6.107.3}% 251
\BOOKMARK [1][-]{section.6.108}{\376\377\0006\000.\0001\0000\0008\000\040\000F\000o\000r\000m\000u\000l\000a\000P\000a\000r\000s\000e\000r\000.\000R\000P\000N\000T\000o\000C\000L\000\040\000C\000l\000a\000s\000s\000\040\000R\000e\000f\000e\000r\000e\000n\000c\000e}{chapter.6}% 252
\BOOKMARK [1][-]{section.6.109}{\376\377\0006\000.\0001\0000\0009\000\040\000F\000r\000a\000c\000t\000a\000l\000G\000e\000n\000e\000r\000a\000t\000o\000r\000M\000V\000V\000M\000.\000V\000i\000e\000w\000s\000.\000S\000h\000e\000l\000l\000V\000i\000e\000w\000\040\000C\000l\000a\000s\000s\000\040\000R\000e\000f\000e\000r\000e\000n\000c\000e}{chapter.6}% 253
\BOOKMARK [2][-]{subsection.6.109.1}{\376\377\0006\000.\0001\0000\0009\000.\0001\000\040\000D\000e\000t\000a\000i\000l\000e\000d\000\040\000D\000e\000s\000c\000r\000i\000p\000t\000i\000o\000n}{section.6.109}% 254
\BOOKMARK [1][-]{section.6.110}{\376\377\0006\000.\0001\0001\0000\000\040\000F\000r\000a\000c\000t\000a\000l\000G\000e\000n\000e\000r\000a\000t\000o\000r\000M\000V\000V\000M\000.\000V\000i\000e\000w\000M\000o\000d\000e\000l\000s\000.\000S\000h\000e\000l\000l\000V\000i\000e\000w\000M\000o\000d\000e\000l\000O\000l\000d\000\040\000C\000l\000a\000s\000s\000\040\000R\000e\000f\000e\000r\000e\000n\000c\000e}{chapter.6}% 255
\BOOKMARK [1][-]{section.6.111}{\376\377\0006\000.\0001\0001\0001\000\040\000F\000r\000a\000c\000t\000a\000l\000G\000e\000n\000e\000r\000a\000t\000o\000r\000M\000V\000V\000M\000.\000V\000i\000e\000w\000s\000.\000S\000h\000e\000l\000l\000V\000i\000e\000w\000O\000l\000d\000\040\000C\000l\000a\000s\000s\000\040\000R\000e\000f\000e\000r\000e\000n\000c\000e}{chapter.6}% 256
\BOOKMARK [2][-]{subsection.6.111.1}{\376\377\0006\000.\0001\0001\0001\000.\0001\000\040\000D\000e\000t\000a\000i\000l\000e\000d\000\040\000D\000e\000s\000c\000r\000i\000p\000t\000i\000o\000n}{section.6.111}% 257
\BOOKMARK [1][-]{section.6.112}{\376\377\0006\000.\0001\0001\0002\000\040\000F\000r\000a\000c\000t\000a\000l\000C\000o\000r\000e\000.\000S\000t\000a\000t\000u\000s\000\040\000S\000t\000r\000u\000c\000t\000\040\000R\000e\000f\000e\000r\000e\000n\000c\000e}{chapter.6}% 258
\BOOKMARK [1][-]{section.6.113}{\376\377\0006\000.\0001\0001\0003\000\040\000F\000r\000a\000c\000t\000a\000l\000G\000e\000n\000e\000r\000a\000t\000o\000r\000M\000V\000V\000M\000.\000V\000i\000e\000w\000s\000.\000C\000o\000n\000t\000r\000o\000l\000s\000.\000S\000t\000a\000t\000u\000s\000B\000a\000r\000V\000i\000e\000w\000\040\000C\000l\000a\000s\000s\000\040\000R\000e\000f\000e\000r\000e\000n\000c\000e}{chapter.6}% 259
\BOOKMARK [2][-]{subsection.6.113.1}{\376\377\0006\000.\0001\0001\0003\000.\0001\000\040\000D\000e\000t\000a\000i\000l\000e\000d\000\040\000D\000e\000s\000c\000r\000i\000p\000t\000i\000o\000n}{section.6.113}% 260
\BOOKMARK [1][-]{section.6.114}{\376\377\0006\000.\0001\0001\0004\000\040\000F\000r\000a\000c\000t\000a\000l\000G\000e\000n\000e\000r\000a\000t\000o\000r\000M\000V\000V\000M\000.\000V\000i\000e\000w\000s\000.\000C\000o\000n\000t\000r\000o\000l\000V\000i\000e\000w\000s\000.\000S\000t\000a\000t\000u\000s\000B\000a\000r\000V\000i\000e\000w\000\040\000C\000l\000a\000s\000s\000\040\000R\000e\000f\000e\000r\000e\000n\000c\000e}{chapter.6}% 261
\BOOKMARK [2][-]{subsection.6.114.1}{\376\377\0006\000.\0001\0001\0004\000.\0001\000\040\000D\000e\000t\000a\000i\000l\000e\000d\000\040\000D\000e\000s\000c\000r\000i\000p\000t\000i\000o\000n}{section.6.114}% 262
\BOOKMARK [1][-]{section.6.115}{\376\377\0006\000.\0001\0001\0005\000\040\000F\000r\000a\000c\000t\000a\000l\000G\000e\000n\000e\000r\000a\000t\000o\000r\000M\000V\000V\000M\000.\000V\000i\000e\000w\000s\000.\000S\000t\000a\000t\000u\000s\000B\000a\000r\000V\000i\000e\000w\000\040\000C\000l\000a\000s\000s\000\040\000R\000e\000f\000e\000r\000e\000n\000c\000e}{chapter.6}% 263
\BOOKMARK [2][-]{subsection.6.115.1}{\376\377\0006\000.\0001\0001\0005\000.\0001\000\040\000D\000e\000t\000a\000i\000l\000e\000d\000\040\000D\000e\000s\000c\000r\000i\000p\000t\000i\000o\000n}{section.6.115}% 264
\BOOKMARK [1][-]{section.6.116}{\376\377\0006\000.\0001\0001\0006\000\040\000F\000r\000a\000c\000t\000a\000l\000G\000e\000n\000e\000r\000a\000t\000o\000r\000M\000V\000V\000M\000.\000V\000i\000e\000w\000M\000o\000d\000e\000l\000s\000.\000C\000o\000n\000t\000r\000o\000l\000s\000.\000S\000t\000a\000t\000u\000s\000B\000a\000r\000V\000i\000e\000w\000M\000o\000d\000e\000l\000\040\000C\000l\000a\000s\000s\000\040\000R\000e\000f\000e\000r\000e\000n\000c\000e}{chapter.6}% 265
\BOOKMARK [1][-]{section.6.117}{\376\377\0006\000.\0001\0001\0007\000\040\000F\000o\000r\000m\000u\000l\000a\000P\000a\000r\000s\000e\000r\000.\000T\000o\000k\000e\000n\000\040\000C\000l\000a\000s\000s\000\040\000R\000e\000f\000e\000r\000e\000n\000c\000e}{chapter.6}% 266
\BOOKMARK [1][-]{section.6.118}{\376\377\0006\000.\0001\0001\0008\000\040\000F\000r\000a\000c\000t\000a\000l\000G\000e\000n\000e\000r\000a\000t\000o\000r\000M\000V\000V\000M\000.\000V\000i\000e\000w\000s\000.\000C\000o\000n\000t\000r\000o\000l\000V\000i\000e\000w\000s\000.\000T\000o\000o\000l\000R\000i\000b\000b\000o\000n\000\040\000C\000l\000a\000s\000s\000\040\000R\000e\000f\000e\000r\000e\000n\000c\000e}{chapter.6}% 267
\BOOKMARK [2][-]{subsection.6.118.1}{\376\377\0006\000.\0001\0001\0008\000.\0001\000\040\000D\000e\000t\000a\000i\000l\000e\000d\000\040\000D\000e\000s\000c\000r\000i\000p\000t\000i\000o\000n}{section.6.118}% 268
\BOOKMARK [1][-]{section.6.119}{\376\377\0006\000.\0001\0001\0009\000\040\000F\000r\000a\000c\000t\000a\000l\000G\000e\000n\000e\000r\000a\000t\000o\000r\000M\000V\000V\000M\000.\000V\000i\000e\000w\000s\000.\000C\000o\000n\000t\000r\000o\000l\000s\000.\000T\000o\000o\000l\000R\000i\000b\000b\000o\000n\000V\000i\000e\000w\000\040\000C\000l\000a\000s\000s\000\040\000R\000e\000f\000e\000r\000e\000n\000c\000e}{chapter.6}% 269
\BOOKMARK [2][-]{subsection.6.119.1}{\376\377\0006\000.\0001\0001\0009\000.\0001\000\040\000D\000e\000t\000a\000i\000l\000e\000d\000\040\000D\000e\000s\000c\000r\000i\000p\000t\000i\000o\000n}{section.6.119}% 270
\BOOKMARK [1][-]{section.6.120}{\376\377\0006\000.\0001\0002\0000\000\040\000F\000r\000a\000c\000t\000a\000l\000G\000e\000n\000e\000r\000a\000t\000o\000r\000M\000V\000V\000M\000.\000V\000i\000e\000w\000s\000.\000C\000o\000n\000t\000r\000o\000l\000V\000i\000e\000w\000s\000.\000T\000o\000o\000l\000R\000i\000b\000b\000o\000n\000V\000i\000e\000w\000\040\000C\000l\000a\000s\000s\000\040\000R\000e\000f\000e\000r\000e\000n\000c\000e}{chapter.6}% 271
\BOOKMARK [2][-]{subsection.6.120.1}{\376\377\0006\000.\0001\0002\0000\000.\0001\000\040\000D\000e\000t\000a\000i\000l\000e\000d\000\040\000D\000e\000s\000c\000r\000i\000p\000t\000i\000o\000n}{section.6.120}% 272
\BOOKMARK [1][-]{section.6.121}{\376\377\0006\000.\0001\0002\0001\000\040\000F\000r\000a\000c\000t\000a\000l\000G\000e\000n\000e\000r\000a\000t\000o\000r\000M\000V\000V\000M\000.\000V\000i\000e\000w\000M\000o\000d\000e\000l\000s\000.\000C\000o\000n\000t\000r\000o\000l\000s\000.\000T\000o\000o\000l\000R\000i\000b\000b\000o\000n\000V\000i\000e\000w\000M\000o\000d\000e\000l\000\040\000C\000l\000a\000s\000s\000\040\000R\000e\000f\000e\000r\000e\000n\000c\000e}{chapter.6}% 273
